<?xml version="1.0" encoding="UTF-8"?>
<robot generator="Robot 5.0.1 (Python 3.9.16 on darwin)" generated="20230426 09:02:53.808" rpa="false" schemaversion="3">
<suite id="s1" name="Ui-Test" source="/Users/kingdouchebag/Desktop/Worth_Perfect_Repo/PTTEP_Project/Robot_Framework/Freezone_Project/Freezone_Robot/pipeline/qas/ui-test.robot">
<test id="s1-t1" name="Main Test" line="39">
<kw name="Open Browser FREEZONE">
<arg>${URL}</arg>
<arg>${BROWSER}</arg>
<kw name="Open Browser" library="SeleniumLibrary">
<arg>${URL}</arg>
<arg>${BROWSER}</arg>
<doc>Opens a new browser instance to the optional ``url``.</doc>
<msg timestamp="20230426 09:02:53.940" level="INFO">Opening browser 'headlesschrome' to base url 'https://https://freezoneinventory-qas.azurewebsites.net/dev'.</msg>
<msg timestamp="20230426 09:02:55.886" level="INFO" html="true">&lt;/td&gt;&lt;/tr&gt;&lt;tr&gt;&lt;td colspan="3"&gt;&lt;a href="selenium-screenshot-1.png"&gt;&lt;img src="selenium-screenshot-1.png" width="800px"&gt;&lt;/a&gt;</msg>
<msg timestamp="20230426 09:02:55.887" level="FAIL">WebDriverException: Message: unknown error: net::ERR_NAME_NOT_RESOLVED
  (Session info: headless chrome=112.0.5615.137)
Stacktrace:
0   chromedriver                        0x00000001045f6d3c chromedriver + 4222268
1   chromedriver                        0x000000010457d8e8 chromedriver + 3725544
2   chromedriver                        0x0000000104233da4 chromedriver + 277924
3   chromedriver                        0x000000010422c754 chromedriver + 247636
4   chromedriver                        0x000000010421f4cc chromedriver + 193740
5   chromedriver                        0x0000000104220b1c chromedriver + 199452
6   chromedriver                        0x000000010421f7e0 chromedriver + 194528
7   chromedriver                        0x000000010421e71c chromedriver + 190236
8   chromedriver                        0x000000010421e5d8 chromedriver + 189912
9   chromedriver                        0x000000010421d278 chromedriver + 184952
10  chromedriver                        0x000000010421d5b0 chromedriver + 185776
11  chromedriver                        0x0000000104235d48 chromedriver + 286024
12  chromedriver                        0x00000001042a7ba8 chromedriver + 752552
13  chromedriver                        0x00000001042a7618 chromedriver + 751128
14  chromedriver                        0x00000001042618f0 chromedriver + 465136
15  chromedriver                        0x0000000104262974 chromedriver + 469364
16  chromedriver                        0x00000001045c7788 chromedriver + 4028296
17  chromedriver                        0x00000001045cbc1c chromedriver + 4045852
18  chromedriver                        0x00000001045d1c98 chromedriver + 4070552
19  chromedriver                        0x00000001045cc8d8 chromedriver + 4049112
20  chromedriver                        0x00000001045a3d84 chromedriver + 3882372
21  chromedriver                        0x00000001045ea720 chromedriver + 4171552
22  chromedriver                        0x00000001045ea878 chromedriver + 4171896
23  chromedriver                        0x00000001045fe014 chromedriver + 4251668
24  libsystem_pthread.dylib             0x00000001ba13d240 _pthread_start + 148
25  libsystem_pthread.dylib             0x00000001ba138024 thread_start + 8
</msg>
<status status="FAIL" starttime="20230426 09:02:53.940" endtime="20230426 09:02:55.889"/>
</kw>
<kw name="Create Session" library="RequestsLibrary">
<arg>my_browser</arg>
<arg>${URL}</arg>
<doc>Create Session: create a HTTP session to a server</doc>
<status status="NOT RUN" starttime="20230426 09:02:55.890" endtime="20230426 09:02:55.890"/>
</kw>
<kw name="Get Window Titles" library="SeleniumLibrary">
<var>${windowtitles}</var>
<doc>Returns and logs titles of all windows of the selected browser.</doc>
<status status="NOT RUN" starttime="20230426 09:02:55.890" endtime="20230426 09:02:55.890"/>
</kw>
<kw name="Log" library="BuiltIn">
<arg>Check Function: '1. Open Browser FREEZONE Title Name:' ${windowtitles}</arg>
<arg>console=yes</arg>
<doc>Logs the given message with the given level.</doc>
<status status="NOT RUN" starttime="20230426 09:02:55.890" endtime="20230426 09:02:55.890"/>
</kw>
<status status="FAIL" starttime="20230426 09:02:53.939" endtime="20230426 09:02:55.890"/>
</kw>
<kw name="Login">
<arg>${URL}</arg>
<status status="NOT RUN" starttime="20230426 09:02:55.890" endtime="20230426 09:02:55.890"/>
</kw>
<kw name="Check Tab Menu">
<status status="NOT RUN" starttime="20230426 09:02:55.890" endtime="20230426 09:02:55.890"/>
</kw>
<kw name="Into Menu">
<arg>${menu_1}</arg>
<arg>${menu_1_1}</arg>
<status status="NOT RUN" starttime="20230426 09:02:55.890" endtime="20230426 09:02:55.890"/>
</kw>
<kw name="Into Menu">
<arg>${menu_1}</arg>
<arg>${menu_1_2}</arg>
<status status="NOT RUN" starttime="20230426 09:02:55.890" endtime="20230426 09:02:55.890"/>
</kw>
<kw name="Into Menu">
<arg>${menu_1}</arg>
<arg>${menu_1_3}</arg>
<status status="NOT RUN" starttime="20230426 09:02:55.890" endtime="20230426 09:02:55.890"/>
</kw>
<kw name="Into Menu">
<arg>${menu_1}</arg>
<arg>${menu_1_4}</arg>
<status status="NOT RUN" starttime="20230426 09:02:55.891" endtime="20230426 09:02:55.891"/>
</kw>
<kw name="Into Menu">
<arg>${menu_2}</arg>
<arg>${menu_2_1}</arg>
<status status="NOT RUN" starttime="20230426 09:02:55.891" endtime="20230426 09:02:55.891"/>
</kw>
<kw name="Into Menu">
<arg>${menu_2}</arg>
<arg>${menu_2_2}</arg>
<status status="NOT RUN" starttime="20230426 09:02:55.891" endtime="20230426 09:02:55.891"/>
</kw>
<kw name="Close Browser" library="SeleniumLibrary" type="TEARDOWN">
<doc>Closes the current browser.</doc>
<status status="PASS" starttime="20230426 09:02:55.891" endtime="20230426 09:02:55.959"/>
</kw>
<status status="FAIL" starttime="20230426 09:02:53.939" endtime="20230426 09:02:55.959">WebDriverException: Message: unknown error: net::ERR_NAME_NOT_RESOLVED
  (Session info: headless chrome=112.0.5615.137)
Stacktrace:
0   chromedriver                        0x00000001045f6d3c chromedriver + 4222268
1   chromedriver                        0x000000010457d8e8 chromedriver + 3725544
2   chromedriver                        0x0000000104233da4 chromedriver + 277924
3   chromedriver                        0x000000010422c754 chromedriver + 247636
4   chromedriver                        0x000000010421f4cc chromedriver + 193740
5   chromedriver                        0x0000000104220b1c chromedriver + 199452
6   chromedriver                        0x000000010421f7e0 chromedriver + 194528
7   chromedriver                        0x000000010421e71c chromedriver + 190236
8   chromedriver                        0x000000010421e5d8 chromedriver + 1...
    [ Message content over the limit has been removed. ]
...hromedriver                        0x0000000104262974 chromedriver + 469364
16  chromedriver                        0x00000001045c7788 chromedriver + 4028296
17  chromedriver                        0x00000001045cbc1c chromedriver + 4045852
18  chromedriver                        0x00000001045d1c98 chromedriver + 4070552
19  chromedriver                        0x00000001045cc8d8 chromedriver + 4049112
20  chromedriver                        0x00000001045a3d84 chromedriver + 3882372
21  chromedriver                        0x00000001045ea720 chromedriver + 4171552
22  chromedriver                        0x00000001045ea878 chromedriver + 4171896
23  chromedriver                        0x00000001045fe014 chromedriver + 4251668
24  libsystem_pthread.dylib             0x00000001ba13d240 _pthread_start + 148
25  libsystem_pthread.dylib             0x00000001ba138024 thread_start + 8</status>
</test>
<kw name="Delete All Sessions" library="RequestsLibrary" type="TEARDOWN">
<doc>Removes all the session objects</doc>
<msg timestamp="20230426 09:02:55.959" level="INFO">Deleting All Sessions</msg>
<status status="PASS" starttime="20230426 09:02:55.959" endtime="20230426 09:02:55.960"/>
</kw>
<status status="FAIL" starttime="20230426 09:02:53.809" endtime="20230426 09:02:55.960"/>
</suite>
<statistics>
<total>
<stat pass="0" fail="1" skip="0">All Tests</stat>
</total>
<tag>
</tag>
<suite>
<stat pass="0" fail="1" skip="0" id="s1" name="Ui-Test">Ui-Test</stat>
</suite>
</statistics>
<errors>
</errors>
</robot>
