<?xml version="1.0" encoding="UTF-8"?>
<robot generator="Robot 5.0.1 (Python 3.9.16 on darwin)" generated="20230309 23:03:21.084" rpa="false" schemaversion="3">
<suite id="s1" name="1" source="/Users/kingdouchebag/Desktop/Freezone_Project/Freezome_Robot/local/menu_1/1.robot">
<test id="s1-t1" name="Main Test" line="627">
<kw name="Open Browser CASHCALL">
<arg>${URL_User}</arg>
<arg>${BROWSER}</arg>
<kw name="Open Browser" library="SeleniumLibrary">
<arg>${URL}</arg>
<arg>${BROWSER}</arg>
<arg>options=add_argument("--incognito")</arg>
<doc>Opens a new browser instance to the optional ``url``.</doc>
<msg timestamp="20230309 23:03:21.204" level="INFO">Opening browser 'Chrome' to base url 'https://freezoneinventory-dev.azurewebsites.net'.</msg>
<msg timestamp="20230309 23:03:23.334" level="INFO">Cannot capture screenshot because no browser is open.</msg>
<status status="FAIL" starttime="20230309 23:03:21.204" endtime="20230309 23:03:23.334"/>
</kw>
<kw name="Maximize Browser Window" library="SeleniumLibrary">
<doc>Maximizes current browser window.</doc>
<status status="NOT RUN" starttime="20230309 23:03:23.334" endtime="20230309 23:03:23.334"/>
</kw>
<kw name="Get Window Titles" library="SeleniumLibrary">
<var>${windowtitles}</var>
<doc>Returns and logs titles of all windows of the selected browser.</doc>
<status status="NOT RUN" starttime="20230309 23:03:23.334" endtime="20230309 23:03:23.334"/>
</kw>
<kw name="Log" library="BuiltIn">
<arg>Check Function: '1. Open Browser CASHCALL' ${windowtitles}</arg>
<arg>console=yes</arg>
<doc>Logs the given message with the given level.</doc>
<status status="NOT RUN" starttime="20230309 23:03:23.334" endtime="20230309 23:03:23.334"/>
</kw>
<status status="FAIL" starttime="20230309 23:03:21.203" endtime="20230309 23:03:23.335"/>
</kw>
<kw name="Login Ex-User">
<status status="NOT RUN" starttime="20230309 23:03:23.335" endtime="20230309 23:03:23.335"/>
</kw>
<kw name="Check Tab Menu">
<status status="NOT RUN" starttime="20230309 23:03:23.335" endtime="20230309 23:03:23.335"/>
</kw>
<kw name="Close Browser" library="SeleniumLibrary" type="TEARDOWN">
<doc>Closes the current browser.</doc>
<status status="PASS" starttime="20230309 23:03:23.335" endtime="20230309 23:03:23.335"/>
</kw>
<status status="FAIL" starttime="20230309 23:03:21.203" endtime="20230309 23:03:23.335">Execution terminated by signal</status>
</test>
<status status="FAIL" starttime="20230309 23:03:21.085" endtime="20230309 23:03:23.336"/>
</suite>
<statistics>
<total>
<stat pass="0" fail="1" skip="0">All Tests</stat>
</total>
<tag>
</tag>
<suite>
<stat pass="0" fail="1" skip="0" id="s1" name="1">1</stat>
</suite>
</statistics>
<errors>
</errors>
</robot>
