<?xml version="1.0" encoding="UTF-8"?>
<robot generator="Robot 5.0.1 (Python 3.9.16 on darwin)" generated="20230427 09:12:14.752" rpa="false" schemaversion="3">
<suite id="s1" name="Ui-Test" source="/Users/kingdouchebag/Desktop/Worth_Perfect_Repo/PTTEP_Project/Robot_Framework/Freezone_Project/Freezone_Robot/pipeline/qas/ui-test.robot">
<test id="s1-t1" name="Main Test" line="37">
<kw name="Open Browser FREEZONE">
<arg>${URL}</arg>
<arg>${BROWSER}</arg>
<kw name="Open Browser" library="SeleniumLibrary">
<arg>${URL}</arg>
<arg>${BROWSER}</arg>
<doc>Opens a new browser instance to the optional ``url``.</doc>
<msg timestamp="20230427 09:12:14.942" level="INFO">Opening browser 'headlesschrome' to base url 'https://freezoneinventory-qas.pttep.com/dev'.</msg>
<status status="PASS" starttime="20230427 09:12:14.942" endtime="20230427 09:12:19.804"/>
</kw>
<kw name="Create Session" library="RequestsLibrary">
<arg>my_browser</arg>
<arg>${URL}</arg>
<doc>Create Session: create a HTTP session to a server</doc>
<msg timestamp="20230427 09:12:19.805" level="INFO">Creating Session using : alias=my_browser, url=https://freezoneinventory-qas.pttep.com/dev, headers={},                     cookies={}, auth=None, timeout=None, proxies=None, verify=False,                     debug=0 </msg>
<status status="PASS" starttime="20230427 09:12:19.804" endtime="20230427 09:12:19.805"/>
</kw>
<kw name="Get Window Titles" library="SeleniumLibrary">
<var>${windowtitles}</var>
<doc>Returns and logs titles of all windows of the selected browser.</doc>
<msg timestamp="20230427 09:12:20.581" level="INFO">Altogether 1 item.
1: หน้าล็อกอินโรบอท | PTTEP</msg>
<msg timestamp="20230427 09:12:20.581" level="INFO">${windowtitles} = ['หน้าล็อกอินโรบอท | PTTEP']</msg>
<status status="PASS" starttime="20230427 09:12:19.805" endtime="20230427 09:12:20.581"/>
</kw>
<kw name="Log" library="BuiltIn">
<arg>Check Function: '1. Open Browser FREEZONE Title Name:' ${windowtitles}</arg>
<arg>console=yes</arg>
<doc>Logs the given message with the given level.</doc>
<msg timestamp="20230427 09:12:20.581" level="INFO">Check Function: '1. Open Browser FREEZONE Title Name:' ['หน้าล็อกอินโรบอท | PTTEP']</msg>
<status status="PASS" starttime="20230427 09:12:20.581" endtime="20230427 09:12:20.581"/>
</kw>
<kw name="Log" library="BuiltIn">
<arg>Check Function: '1. Open Browser FREEZONE url:' ${URL}</arg>
<arg>console=yes</arg>
<doc>Logs the given message with the given level.</doc>
<msg timestamp="20230427 09:12:20.582" level="INFO">Check Function: '1. Open Browser FREEZONE url:' https://freezoneinventory-qas.pttep.com/dev</msg>
<status status="PASS" starttime="20230427 09:12:20.581" endtime="20230427 09:12:20.582"/>
</kw>
<status status="PASS" starttime="20230427 09:12:14.941" endtime="20230427 09:12:20.582"/>
</kw>
<kw name="Login">
<arg>${URL}</arg>
<kw name="Create Session" library="RequestsLibrary">
<arg>my_browser</arg>
<arg>${URL}</arg>
<doc>Create Session: create a HTTP session to a server</doc>
<msg timestamp="20230427 09:12:20.582" level="INFO">Creating Session using : alias=my_browser, url=https://freezoneinventory-qas.pttep.com/dev, headers={},                     cookies={}, auth=None, timeout=None, proxies=None, verify=False,                     debug=0 </msg>
<status status="PASS" starttime="20230427 09:12:20.582" endtime="20230427 09:12:20.582"/>
</kw>
<kw name="Sleep" library="BuiltIn">
<arg>3</arg>
<doc>Pauses the test executed for the given time.</doc>
<msg timestamp="20230427 09:12:23.584" level="INFO">Slept 3 seconds</msg>
<status status="PASS" starttime="20230427 09:12:20.582" endtime="20230427 09:12:23.585"/>
</kw>
<kw name="Get Element Count" library="SeleniumLibrary">
<var>${element_0}</var>
<arg>xpath=//input[@id="codeBypass"]</arg>
<doc>Returns the number of elements matching ``locator``.</doc>
<msg timestamp="20230427 09:12:23.695" level="INFO">${element_0} = 1</msg>
<status status="PASS" starttime="20230427 09:12:23.586" endtime="20230427 09:12:23.695"/>
</kw>
<kw name="Get Element Count" library="SeleniumLibrary">
<var>${element_1}</var>
<arg>xpath=//button[contains(text(), '${Submit_Button}')]</arg>
<doc>Returns the number of elements matching ``locator``.</doc>
<msg timestamp="20230427 09:12:23.721" level="INFO">${element_1} = 1</msg>
<status status="PASS" starttime="20230427 09:12:23.695" endtime="20230427 09:12:23.721"/>
</kw>
<kw name="Log" library="BuiltIn">
<arg>Check Function: Check PDPA Pop up</arg>
<arg>console=yes</arg>
<doc>Logs the given message with the given level.</doc>
<msg timestamp="20230427 09:12:23.721" level="INFO">Check Function: Check PDPA Pop up</msg>
<status status="PASS" starttime="20230427 09:12:23.721" endtime="20230427 09:12:23.721"/>
</kw>
<kw name="Log" library="BuiltIn">
<arg>Check Element: 'Input Secret Code' ${element_0}</arg>
<arg>console=yes</arg>
<doc>Logs the given message with the given level.</doc>
<msg timestamp="20230427 09:12:23.721" level="INFO">Check Element: 'Input Secret Code' 1</msg>
<status status="PASS" starttime="20230427 09:12:23.721" endtime="20230427 09:12:23.721"/>
</kw>
<kw name="Log" library="BuiltIn">
<arg>Check Element: 'Login Button' ${element_1}</arg>
<arg>console=yes</arg>
<doc>Logs the given message with the given level.</doc>
<msg timestamp="20230427 09:12:23.721" level="INFO">Check Element: 'Login Button' 1</msg>
<status status="PASS" starttime="20230427 09:12:23.721" endtime="20230427 09:12:23.721"/>
</kw>
<kw name="Wait Until Page Contains Element" library="SeleniumLibrary">
<arg>xpath=//input[@id="codeBypass"]</arg>
<doc>Waits until the element ``locator`` appears on the current page.</doc>
<status status="PASS" starttime="20230427 09:12:23.722" endtime="20230427 09:12:23.728"/>
</kw>
<kw name="Page Should Contain Element" library="SeleniumLibrary">
<arg>xpath=//input[@id="codeBypass"]</arg>
<doc>Verifies that element ``locator`` is found on the current page.</doc>
<msg timestamp="20230427 09:12:23.733" level="INFO">Current page contains element 'xpath=//input[@id="codeBypass"]'.</msg>
<status status="PASS" starttime="20230427 09:12:23.728" endtime="20230427 09:12:23.733"/>
</kw>
<kw name="Input Text" library="SeleniumLibrary">
<arg>xpath=//input[@id="codeBypass"]</arg>
<arg>${robot_login}</arg>
<doc>Types the given ``text`` into the text field identified by ``locator``.</doc>
<msg timestamp="20230427 09:12:23.734" level="INFO">Typing text 'RB-Run-pipeline-test@pttep.com' into text field 'xpath=//input[@id="codeBypass"]'.</msg>
<status status="PASS" starttime="20230427 09:12:23.734" endtime="20230427 09:12:24.386"/>
</kw>
<kw name="Wait Until Page Contains Element" library="SeleniumLibrary">
<arg>xpath=//button[contains(text(), '${Submit_Button}')]</arg>
<doc>Waits until the element ``locator`` appears on the current page.</doc>
<status status="PASS" starttime="20230427 09:12:24.387" endtime="20230427 09:12:24.446"/>
</kw>
<kw name="Page Should Contain Element" library="SeleniumLibrary">
<arg>xpath=//button[contains(text(), '${Submit_Button}')]</arg>
<doc>Verifies that element ``locator`` is found on the current page.</doc>
<msg timestamp="20230427 09:12:24.453" level="INFO">Current page contains element 'xpath=//button[contains(text(), 'เข้าสู่ระบบ')]'.</msg>
<status status="PASS" starttime="20230427 09:12:24.447" endtime="20230427 09:12:24.453"/>
</kw>
<kw name="Click Element" library="SeleniumLibrary">
<arg>xpath=//button[contains(text(), '${Submit_Button}')]</arg>
<doc>Click the element identified by ``locator``.</doc>
<msg timestamp="20230427 09:12:24.453" level="INFO">Clicking element 'xpath=//button[contains(text(), 'เข้าสู่ระบบ')]'.</msg>
<status status="PASS" starttime="20230427 09:12:24.453" endtime="20230427 09:12:25.448"/>
</kw>
<status status="PASS" starttime="20230427 09:12:20.582" endtime="20230427 09:12:25.448"/>
</kw>
<kw name="Check Tab Menu">
<kw name="Sleep" library="BuiltIn">
<arg>2</arg>
<doc>Pauses the test executed for the given time.</doc>
<msg timestamp="20230427 09:12:27.449" level="INFO">Slept 2 seconds</msg>
<status status="PASS" starttime="20230427 09:12:25.448" endtime="20230427 09:12:27.450"/>
</kw>
<kw name="Wait Until Page Contains Element" library="SeleniumLibrary">
<arg>xpath=//div[@data-testid="dropdowns-inventoryControlReport-display"]</arg>
<doc>Waits until the element ``locator`` appears on the current page.</doc>
<status status="PASS" starttime="20230427 09:12:27.450" endtime="20230427 09:12:29.059"/>
</kw>
<kw name="Page Should Contain Element" library="SeleniumLibrary">
<arg>xpath=//div[@data-testid="dropdowns-inventoryControlReport-display"]</arg>
<doc>Verifies that element ``locator`` is found on the current page.</doc>
<msg timestamp="20230427 09:12:29.122" level="INFO">Current page contains element 'xpath=//div[@data-testid="dropdowns-inventoryControlReport-display"]'.</msg>
<status status="PASS" starttime="20230427 09:12:29.059" endtime="20230427 09:12:29.122"/>
</kw>
<kw name="Get Element Count" library="SeleniumLibrary">
<var>${element_2}</var>
<arg>xpath=//div[@data-testid="dropdowns-inventoryControlReport-display"]</arg>
<doc>Returns the number of elements matching ``locator``.</doc>
<msg timestamp="20230427 09:12:29.128" level="INFO">${element_2} = 1</msg>
<status status="PASS" starttime="20230427 09:12:29.122" endtime="20230427 09:12:29.128"/>
</kw>
<kw name="Wait Until Page Contains Element" library="SeleniumLibrary">
<arg>xpath=//div[@data-testid="dropdowns-photoImageStorageReport-display"]</arg>
<doc>Waits until the element ``locator`` appears on the current page.</doc>
<status status="PASS" starttime="20230427 09:12:29.128" endtime="20230427 09:12:29.137"/>
</kw>
<kw name="Page Should Contain Element" library="SeleniumLibrary">
<arg>xpath=//div[@data-testid="dropdowns-photoImageStorageReport-display"]</arg>
<doc>Verifies that element ``locator`` is found on the current page.</doc>
<msg timestamp="20230427 09:12:29.167" level="INFO">Current page contains element 'xpath=//div[@data-testid="dropdowns-photoImageStorageReport-display"]'.</msg>
<status status="PASS" starttime="20230427 09:12:29.137" endtime="20230427 09:12:29.167"/>
</kw>
<kw name="Get Element Count" library="SeleniumLibrary">
<var>${element_3}</var>
<arg>xpath=//div[@data-testid="dropdowns-photoImageStorageReport-display"]</arg>
<doc>Returns the number of elements matching ``locator``.</doc>
<msg timestamp="20230427 09:12:29.172" level="INFO">${element_3} = 1</msg>
<status status="PASS" starttime="20230427 09:12:29.167" endtime="20230427 09:12:29.172"/>
</kw>
<kw name="Wait Until Page Contains Element" library="SeleniumLibrary">
<arg>xpath=//div[@data-testid="dropdowns-wahereHouse-display"]</arg>
<doc>Waits until the element ``locator`` appears on the current page.</doc>
<status status="PASS" starttime="20230427 09:12:29.172" endtime="20230427 09:12:29.181"/>
</kw>
<kw name="Page Should Contain Element" library="SeleniumLibrary">
<arg>xpath=//div[@data-testid="dropdowns-wahereHouse-display"]</arg>
<doc>Verifies that element ``locator`` is found on the current page.</doc>
<msg timestamp="20230427 09:12:29.215" level="INFO">Current page contains element 'xpath=//div[@data-testid="dropdowns-wahereHouse-display"]'.</msg>
<status status="PASS" starttime="20230427 09:12:29.181" endtime="20230427 09:12:29.215"/>
</kw>
<kw name="Get Element Count" library="SeleniumLibrary">
<var>${element_4}</var>
<arg>xpath=//div[@data-testid="dropdowns-wahereHouse-display"]</arg>
<doc>Returns the number of elements matching ``locator``.</doc>
<msg timestamp="20230427 09:12:29.220" level="INFO">${element_4} = 1</msg>
<status status="PASS" starttime="20230427 09:12:29.215" endtime="20230427 09:12:29.220"/>
</kw>
<kw name="Wait Until Page Contains Element" library="SeleniumLibrary">
<arg>xpath=//div[@data-testid="dropdowns-manager-display"]</arg>
<doc>Waits until the element ``locator`` appears on the current page.</doc>
<msg timestamp="20230427 09:12:35.043" level="INFO" html="true">&lt;/td&gt;&lt;/tr&gt;&lt;tr&gt;&lt;td colspan="3"&gt;&lt;a href="selenium-screenshot-5.png"&gt;&lt;img src="selenium-screenshot-5.png" width="800px"&gt;&lt;/a&gt;</msg>
<msg timestamp="20230427 09:12:35.044" level="FAIL">Element 'xpath=//div[@data-testid="dropdowns-manager-display"]' did not appear in 5 seconds.</msg>
<status status="FAIL" starttime="20230427 09:12:29.220" endtime="20230427 09:12:35.045"/>
</kw>
<kw name="Page Should Contain Element" library="SeleniumLibrary">
<arg>xpath=//div[@data-testid="dropdowns-manager-display"]</arg>
<doc>Verifies that element ``locator`` is found on the current page.</doc>
<status status="NOT RUN" starttime="20230427 09:12:35.046" endtime="20230427 09:12:35.046"/>
</kw>
<kw name="Get Element Count" library="SeleniumLibrary">
<var>${element_5}</var>
<arg>xpath=//div[@data-testid="dropdowns-manager-display"]</arg>
<doc>Returns the number of elements matching ``locator``.</doc>
<status status="NOT RUN" starttime="20230427 09:12:35.046" endtime="20230427 09:12:35.046"/>
</kw>
<kw name="Log" library="BuiltIn">
<arg>Check Function: 3. Check Interface Tab Menu</arg>
<arg>console=yes</arg>
<doc>Logs the given message with the given level.</doc>
<status status="NOT RUN" starttime="20230427 09:12:35.046" endtime="20230427 09:12:35.046"/>
</kw>
<kw name="Log" library="BuiltIn">
<arg>Check Element: 'Menu: รายงานควบคุมสินค้าคงคลัง' ${element_2}</arg>
<arg>console=yes</arg>
<doc>Logs the given message with the given level.</doc>
<status status="NOT RUN" starttime="20230427 09:12:35.046" endtime="20230427 09:12:35.046"/>
</kw>
<kw name="Log" library="BuiltIn">
<arg>Check Function: 3. Check Interface Tab Menu</arg>
<arg>console=yes</arg>
<doc>Logs the given message with the given level.</doc>
<status status="NOT RUN" starttime="20230427 09:12:35.046" endtime="20230427 09:12:35.046"/>
</kw>
<kw name="Log" library="BuiltIn">
<arg>Check Element: 'Menu: รายงานภาพถ่ายและจัดเก็บสินค้า' ${element_3}</arg>
<arg>console=yes</arg>
<doc>Logs the given message with the given level.</doc>
<status status="NOT RUN" starttime="20230427 09:12:35.046" endtime="20230427 09:12:35.046"/>
</kw>
<kw name="Log" library="BuiltIn">
<arg>Check Function: 3. Check Interface Tab Menu</arg>
<arg>console=yes</arg>
<doc>Logs the given message with the given level.</doc>
<status status="NOT RUN" starttime="20230427 09:12:35.046" endtime="20230427 09:12:35.046"/>
</kw>
<kw name="Log" library="BuiltIn">
<arg>Check Element: 'Menu: พื้นที่คลังสินค้า' ${element_4}</arg>
<arg>console=yes</arg>
<doc>Logs the given message with the given level.</doc>
<status status="NOT RUN" starttime="20230427 09:12:35.046" endtime="20230427 09:12:35.046"/>
</kw>
<kw name="Log" library="BuiltIn">
<arg>Check Function: 3. Check Interface Tab Menu</arg>
<arg>console=yes</arg>
<doc>Logs the given message with the given level.</doc>
<status status="NOT RUN" starttime="20230427 09:12:35.046" endtime="20230427 09:12:35.046"/>
</kw>
<kw name="Log" library="BuiltIn">
<arg>Check Element: 'Menu: จัดการข้อมูล' ${element_5}</arg>
<arg>console=yes</arg>
<doc>Logs the given message with the given level.</doc>
<status status="NOT RUN" starttime="20230427 09:12:35.046" endtime="20230427 09:12:35.046"/>
</kw>
<status status="FAIL" starttime="20230427 09:12:25.448" endtime="20230427 09:12:35.047"/>
</kw>
<kw name="Into Menu">
<arg>${menu_1}</arg>
<arg>${menu_1_1}</arg>
<status status="NOT RUN" starttime="20230427 09:12:35.047" endtime="20230427 09:12:35.047"/>
</kw>
<kw name="Into Menu">
<arg>${menu_1}</arg>
<arg>${menu_1_2}</arg>
<status status="NOT RUN" starttime="20230427 09:12:35.047" endtime="20230427 09:12:35.047"/>
</kw>
<kw name="Into Menu">
<arg>${menu_1}</arg>
<arg>${menu_1_3}</arg>
<status status="NOT RUN" starttime="20230427 09:12:35.047" endtime="20230427 09:12:35.047"/>
</kw>
<kw name="Into Menu">
<arg>${menu_1}</arg>
<arg>${menu_1_4}</arg>
<status status="NOT RUN" starttime="20230427 09:12:35.047" endtime="20230427 09:12:35.047"/>
</kw>
<kw name="Into Menu">
<arg>${menu_2}</arg>
<arg>${menu_2_1}</arg>
<status status="NOT RUN" starttime="20230427 09:12:35.047" endtime="20230427 09:12:35.047"/>
</kw>
<kw name="Into Menu">
<arg>${menu_2}</arg>
<arg>${menu_2_2}</arg>
<status status="NOT RUN" starttime="20230427 09:12:35.047" endtime="20230427 09:12:35.047"/>
</kw>
<kw name="Into Menu">
<arg>${menu_3}</arg>
<arg>${menu_3_1}</arg>
<status status="NOT RUN" starttime="20230427 09:12:35.047" endtime="20230427 09:12:35.047"/>
</kw>
<kw name="Into Menu">
<arg>${menu_3}</arg>
<arg>${menu_3_2}</arg>
<status status="NOT RUN" starttime="20230427 09:12:35.047" endtime="20230427 09:12:35.047"/>
</kw>
<kw name="Into Menu">
<arg>${menu_4}</arg>
<arg>${menu_4_1}</arg>
<status status="NOT RUN" starttime="20230427 09:12:35.048" endtime="20230427 09:12:35.048"/>
</kw>
<kw name="Into Menu">
<arg>${menu_4}</arg>
<arg>${menu_4_2}</arg>
<status status="NOT RUN" starttime="20230427 09:12:35.048" endtime="20230427 09:12:35.048"/>
</kw>
<kw name="Into Menu">
<arg>${menu_4}</arg>
<arg>${menu_4_3}</arg>
<status status="NOT RUN" starttime="20230427 09:12:35.048" endtime="20230427 09:12:35.048"/>
</kw>
<kw name="Close Browser" library="SeleniumLibrary" type="TEARDOWN">
<doc>Closes the current browser.</doc>
<status status="PASS" starttime="20230427 09:12:35.048" endtime="20230427 09:12:35.120"/>
</kw>
<status status="FAIL" starttime="20230427 09:12:14.941" endtime="20230427 09:12:35.121">Element 'xpath=//div[@data-testid="dropdowns-manager-display"]' did not appear in 5 seconds.</status>
</test>
<kw name="Delete All Sessions" library="RequestsLibrary" type="TEARDOWN">
<doc>Removes all the session objects</doc>
<msg timestamp="20230427 09:12:35.121" level="INFO">Deleting All Sessions</msg>
<status status="PASS" starttime="20230427 09:12:35.121" endtime="20230427 09:12:35.121"/>
</kw>
<status status="FAIL" starttime="20230427 09:12:14.753" endtime="20230427 09:12:35.121"/>
</suite>
<statistics>
<total>
<stat pass="0" fail="1" skip="0">All Tests</stat>
</total>
<tag>
</tag>
<suite>
<stat pass="0" fail="1" skip="0" id="s1" name="Ui-Test">Ui-Test</stat>
</suite>
</statistics>
<errors>
</errors>
</robot>
