<?xml version="1.0" encoding="UTF-8"?>
<robot generator="Robot 5.0.1 (Python 3.9.16 on darwin)" generated="20230308 21:43:51.843" rpa="false" schemaversion="3">
<suite id="s1" name="Menu 1 3" source="/Users/kingdouchebag/Desktop/Freezone_Project/Freezome_Robot/local/regression/menu_1_3.robot">
<test id="s1-t1" name="Main Test" line="298">
<kw name="Open Browser CASHCALL">
<arg>${URL}</arg>
<arg>${BROWSER}</arg>
<kw name="Open Browser" library="SeleniumLibrary">
<arg>${URL}</arg>
<arg>${BROWSER}</arg>
<doc>Opens a new browser instance to the optional ``url``.</doc>
<msg timestamp="20230308 21:43:52.023" level="INFO">Opening browser 'Chrome' to base url 'https://freezoneinventory-dev.azurewebsites.net/#/dev'.</msg>
<status status="PASS" starttime="20230308 21:43:52.023" endtime="20230308 21:44:00.362"/>
</kw>
<kw name="Maximize Browser Window" library="SeleniumLibrary">
<doc>Maximizes current browser window.</doc>
<status status="PASS" starttime="20230308 21:44:00.363" endtime="20230308 21:44:00.906"/>
</kw>
<kw name="Get Window Titles" library="SeleniumLibrary">
<var>${windowtitles}</var>
<doc>Returns and logs titles of all windows of the selected browser.</doc>
<msg timestamp="20230308 21:44:01.341" level="INFO">Altogether 1 item.
1: หน้าล็อกอินโรบอท | PTTEP</msg>
<msg timestamp="20230308 21:44:01.341" level="INFO">${windowtitles} = ['หน้าล็อกอินโรบอท | PTTEP']</msg>
<status status="PASS" starttime="20230308 21:44:00.907" endtime="20230308 21:44:01.341"/>
</kw>
<kw name="Log" library="BuiltIn">
<arg>Check Function: '1. Open Browser CASHCALL' ${windowtitles}</arg>
<arg>console=yes</arg>
<doc>Logs the given message with the given level.</doc>
<msg timestamp="20230308 21:44:01.341" level="INFO">Check Function: '1. Open Browser CASHCALL' ['หน้าล็อกอินโรบอท | PTTEP']</msg>
<status status="PASS" starttime="20230308 21:44:01.341" endtime="20230308 21:44:01.341"/>
</kw>
<status status="PASS" starttime="20230308 21:43:52.022" endtime="20230308 21:44:01.341"/>
</kw>
<kw name="Login">
<arg>${URL}</arg>
<kw name="Sleep" library="BuiltIn">
<arg>3</arg>
<doc>Pauses the test executed for the given time.</doc>
<msg timestamp="20230308 21:44:04.342" level="INFO">Slept 3 seconds</msg>
<status status="PASS" starttime="20230308 21:44:01.342" endtime="20230308 21:44:04.343"/>
</kw>
<kw name="Get Element Count" library="SeleniumLibrary">
<var>${element_x}</var>
<arg>xpath=//button[@id="onetrust-accept-btn-handler"]</arg>
<doc>Returns the number of elements matching ``locator``.</doc>
<msg timestamp="20230308 21:44:04.419" level="INFO">${element_x} = 1</msg>
<status status="PASS" starttime="20230308 21:44:04.343" endtime="20230308 21:44:04.419"/>
</kw>
<kw name="Get Element Count" library="SeleniumLibrary">
<var>${element_0}</var>
<arg>xpath=//input[@id="codeBypass"]</arg>
<doc>Returns the number of elements matching ``locator``.</doc>
<msg timestamp="20230308 21:44:04.425" level="INFO">${element_0} = 1</msg>
<status status="PASS" starttime="20230308 21:44:04.419" endtime="20230308 21:44:04.425"/>
</kw>
<kw name="Get Element Count" library="SeleniumLibrary">
<var>${element_1}</var>
<arg>xpath=//button[contains(text(), '${Submit_Button}')]</arg>
<doc>Returns the number of elements matching ``locator``.</doc>
<msg timestamp="20230308 21:44:04.444" level="INFO">${element_1} = 1</msg>
<status status="PASS" starttime="20230308 21:44:04.425" endtime="20230308 21:44:04.444"/>
</kw>
<kw name="Wait Until Page Contains Element" library="SeleniumLibrary">
<arg>xpath=//button[@id="onetrust-accept-btn-handler"]</arg>
<doc>Waits until the element ``locator`` appears on the current page.</doc>
<status status="PASS" starttime="20230308 21:44:04.444" endtime="20230308 21:44:04.447"/>
</kw>
<kw name="Click Element" library="SeleniumLibrary">
<arg>xpath=//button[@id="onetrust-accept-btn-handler"]</arg>
<doc>Click the element identified by ``locator``.</doc>
<msg timestamp="20230308 21:44:04.447" level="INFO">Clicking element 'xpath=//button[@id="onetrust-accept-btn-handler"]'.</msg>
<status status="PASS" starttime="20230308 21:44:04.447" endtime="20230308 21:44:04.533"/>
</kw>
<kw name="Wait Until Page Contains Element" library="SeleniumLibrary">
<arg>xpath=//input[@id="codeBypass"]</arg>
<doc>Waits until the element ``locator`` appears on the current page.</doc>
<status status="PASS" starttime="20230308 21:44:04.533" endtime="20230308 21:44:04.537"/>
</kw>
<kw name="Input Text" library="SeleniumLibrary">
<arg>xpath=//input[@id="codeBypass"]</arg>
<arg>${robot_login}</arg>
<doc>Types the given ``text`` into the text field identified by ``locator``.</doc>
<msg timestamp="20230308 21:44:04.538" level="INFO">Typing text '3aa94123-01f6-47b8-b5ef-82400f62dccb' into text field 'xpath=//input[@id="codeBypass"]'.</msg>
<status status="PASS" starttime="20230308 21:44:04.538" endtime="20230308 21:44:05.225"/>
</kw>
<kw name="Page Should Contain Element" library="SeleniumLibrary">
<arg>xpath=//input[@id="codeBypass"]</arg>
<doc>Verifies that element ``locator`` is found on the current page.</doc>
<msg timestamp="20230308 21:44:05.237" level="INFO">Current page contains element 'xpath=//input[@id="codeBypass"]'.</msg>
<status status="PASS" starttime="20230308 21:44:05.225" endtime="20230308 21:44:05.237"/>
</kw>
<kw name="Get Element Count" library="SeleniumLibrary">
<var>${element_0}</var>
<arg>xpath=//input[@id="codeBypass"]</arg>
<doc>Returns the number of elements matching ``locator``.</doc>
<msg timestamp="20230308 21:44:05.241" level="INFO">${element_0} = 1</msg>
<status status="PASS" starttime="20230308 21:44:05.237" endtime="20230308 21:44:05.241"/>
</kw>
<kw name="Wait Until Page Contains Element" library="SeleniumLibrary">
<arg>xpath=//button[contains(text(), '${Submit_Button}')]</arg>
<doc>Waits until the element ``locator`` appears on the current page.</doc>
<status status="PASS" starttime="20230308 21:44:05.241" endtime="20230308 21:44:05.332"/>
</kw>
<kw name="Page Should Contain Element" library="SeleniumLibrary">
<arg>xpath=//button[contains(text(), '${Submit_Button}')]</arg>
<doc>Verifies that element ``locator`` is found on the current page.</doc>
<msg timestamp="20230308 21:44:05.337" level="INFO">Current page contains element 'xpath=//button[contains(text(), 'เข้าสู่ระบบ')]'.</msg>
<status status="PASS" starttime="20230308 21:44:05.332" endtime="20230308 21:44:05.337"/>
</kw>
<kw name="Get Element Count" library="SeleniumLibrary">
<var>${element_1}</var>
<arg>xpath=//button[contains(text(), '${Submit_Button}')]</arg>
<doc>Returns the number of elements matching ``locator``.</doc>
<msg timestamp="20230308 21:44:05.342" level="INFO">${element_1} = 1</msg>
<status status="PASS" starttime="20230308 21:44:05.338" endtime="20230308 21:44:05.342"/>
</kw>
<kw name="Click Element" library="SeleniumLibrary">
<arg>xpath=//button[contains(text(), '${Submit_Button}')]</arg>
<doc>Click the element identified by ``locator``.</doc>
<msg timestamp="20230308 21:44:05.342" level="INFO">Clicking element 'xpath=//button[contains(text(), 'เข้าสู่ระบบ')]'.</msg>
<status status="PASS" starttime="20230308 21:44:05.342" endtime="20230308 21:44:08.762"/>
</kw>
<kw name="Log" library="BuiltIn">
<arg>Check Function: 2. Login Requestor C2</arg>
<arg>console=yes</arg>
<doc>Logs the given message with the given level.</doc>
<msg timestamp="20230308 21:44:08.762" level="INFO">Check Function: 2. Login Requestor C2</msg>
<status status="PASS" starttime="20230308 21:44:08.762" endtime="20230308 21:44:08.762"/>
</kw>
<kw name="Log" library="BuiltIn">
<arg>Check Element: 'Input Secret Code' ${element_0}</arg>
<arg>console=yes</arg>
<doc>Logs the given message with the given level.</doc>
<msg timestamp="20230308 21:44:08.762" level="INFO">Check Element: 'Input Secret Code' 1</msg>
<status status="PASS" starttime="20230308 21:44:08.762" endtime="20230308 21:44:08.762"/>
</kw>
<kw name="Log" library="BuiltIn">
<arg>Check Element: 'Login Button' ${element_1}</arg>
<arg>console=yes</arg>
<doc>Logs the given message with the given level.</doc>
<msg timestamp="20230308 21:44:08.763" level="INFO">Check Element: 'Login Button' 1</msg>
<status status="PASS" starttime="20230308 21:44:08.763" endtime="20230308 21:44:08.763"/>
</kw>
<status status="PASS" starttime="20230308 21:44:01.342" endtime="20230308 21:44:08.763"/>
</kw>
<kw name="Check Tab Menu">
<kw name="Sleep" library="BuiltIn">
<arg>2</arg>
<doc>Pauses the test executed for the given time.</doc>
<msg timestamp="20230308 21:44:10.764" level="INFO">Slept 2 seconds</msg>
<status status="PASS" starttime="20230308 21:44:08.763" endtime="20230308 21:44:10.764"/>
</kw>
<kw name="Wait Until Page Contains Element" library="SeleniumLibrary">
<arg>xpath=//div[@data-testid="dropdowns-inverntoryControlReport-display"]</arg>
<doc>Waits until the element ``locator`` appears on the current page.</doc>
<status status="PASS" starttime="20230308 21:44:10.765" endtime="20230308 21:44:10.808"/>
</kw>
<kw name="Page Should Contain Element" library="SeleniumLibrary">
<arg>xpath=//div[@data-testid="dropdowns-inverntoryControlReport-display"]</arg>
<doc>Verifies that element ``locator`` is found on the current page.</doc>
<msg timestamp="20230308 21:44:10.815" level="INFO">Current page contains element 'xpath=//div[@data-testid="dropdowns-inverntoryControlReport-display"]'.</msg>
<status status="PASS" starttime="20230308 21:44:10.808" endtime="20230308 21:44:10.815"/>
</kw>
<kw name="Wait Until Page Contains Element" library="SeleniumLibrary">
<arg>xpath=//div[@data-testid="dropdowns-photoImageStorageReport-display"]</arg>
<doc>Waits until the element ``locator`` appears on the current page.</doc>
<status status="PASS" starttime="20230308 21:44:10.815" endtime="20230308 21:44:10.831"/>
</kw>
<kw name="Page Should Contain Element" library="SeleniumLibrary">
<arg>xpath=//div[@data-testid="dropdowns-photoImageStorageReport-display"]</arg>
<doc>Verifies that element ``locator`` is found on the current page.</doc>
<msg timestamp="20230308 21:44:10.835" level="INFO">Current page contains element 'xpath=//div[@data-testid="dropdowns-photoImageStorageReport-display"]'.</msg>
<status status="PASS" starttime="20230308 21:44:10.831" endtime="20230308 21:44:10.835"/>
</kw>
<kw name="Wait Until Page Contains Element" library="SeleniumLibrary">
<arg>xpath=//div[@data-testid="dropdowns-wahereHouse-display"]</arg>
<doc>Waits until the element ``locator`` appears on the current page.</doc>
<status status="PASS" starttime="20230308 21:44:10.835" endtime="20230308 21:44:10.842"/>
</kw>
<kw name="Page Should Contain Element" library="SeleniumLibrary">
<arg>xpath=//div[@data-testid="dropdowns-wahereHouse-display"]</arg>
<doc>Verifies that element ``locator`` is found on the current page.</doc>
<msg timestamp="20230308 21:44:10.846" level="INFO">Current page contains element 'xpath=//div[@data-testid="dropdowns-wahereHouse-display"]'.</msg>
<status status="PASS" starttime="20230308 21:44:10.842" endtime="20230308 21:44:10.846"/>
</kw>
<status status="PASS" starttime="20230308 21:44:08.763" endtime="20230308 21:44:10.846"/>
</kw>
<kw name="Tab 1 Menu 3">
<kw name="Sleep" library="BuiltIn">
<arg>2</arg>
<doc>Pauses the test executed for the given time.</doc>
<msg timestamp="20230308 21:44:12.848" level="INFO">Slept 2 seconds</msg>
<status status="PASS" starttime="20230308 21:44:10.847" endtime="20230308 21:44:12.848"/>
</kw>
<kw name="Wait Until Page Contains Element" library="SeleniumLibrary">
<arg>xpath=//span[contains(text(), 'รายงานควบคุมสินค้าคงคลัง')]</arg>
<doc>Waits until the element ``locator`` appears on the current page.</doc>
<status status="PASS" starttime="20230308 21:44:12.849" endtime="20230308 21:44:12.883"/>
</kw>
<kw name="Page Should Contain Element" library="SeleniumLibrary">
<arg>xpath=//span[contains(text(), 'รายงานควบคุมสินค้าคงคลัง')]</arg>
<doc>Verifies that element ``locator`` is found on the current page.</doc>
<msg timestamp="20230308 21:44:12.891" level="INFO">Current page contains element 'xpath=//span[contains(text(), 'รายงานควบคุมสินค้าคงคลัง')]'.</msg>
<status status="PASS" starttime="20230308 21:44:12.883" endtime="20230308 21:44:12.891"/>
</kw>
<kw name="Click Element" library="SeleniumLibrary">
<arg>xpath=//span[contains(text(), 'รายงานควบคุมสินค้าคงคลัง')]</arg>
<doc>Click the element identified by ``locator``.</doc>
<msg timestamp="20230308 21:44:12.891" level="INFO">Clicking element 'xpath=//span[contains(text(), 'รายงานควบคุมสินค้าคงคลัง')]'.</msg>
<status status="PASS" starttime="20230308 21:44:12.891" endtime="20230308 21:44:12.961"/>
</kw>
<kw name="Sleep" library="BuiltIn">
<arg>1</arg>
<doc>Pauses the test executed for the given time.</doc>
<msg timestamp="20230308 21:44:13.962" level="INFO">Slept 1 second</msg>
<status status="PASS" starttime="20230308 21:44:12.961" endtime="20230308 21:44:13.962"/>
</kw>
<kw name="Wait Until Page Contains Element" library="SeleniumLibrary">
<arg>xpath=//div/li/a[contains(text(), 'รายงานขอขยายระยะเวลาจัดเก็บ')]</arg>
<doc>Waits until the element ``locator`` appears on the current page.</doc>
<status status="PASS" starttime="20230308 21:44:13.963" endtime="20230308 21:44:13.988"/>
</kw>
<kw name="Page Should Contain Element" library="SeleniumLibrary">
<arg>xpath=//div/li/a[contains(text(), 'รายงานขอขยายระยะเวลาจัดเก็บ')]</arg>
<doc>Verifies that element ``locator`` is found on the current page.</doc>
<msg timestamp="20230308 21:44:13.997" level="INFO">Current page contains element 'xpath=//div/li/a[contains(text(), 'รายงานขอขยายระยะเวลาจัดเก็บ')]'.</msg>
<status status="PASS" starttime="20230308 21:44:13.989" endtime="20230308 21:44:13.997"/>
</kw>
<kw name="Click Element" library="SeleniumLibrary">
<arg>xpath=//div/li/a[contains(text(), 'รายงานขอขยายระยะเวลาจัดเก็บ')]</arg>
<doc>Click the element identified by ``locator``.</doc>
<msg timestamp="20230308 21:44:13.997" level="INFO">Clicking element 'xpath=//div/li/a[contains(text(), 'รายงานขอขยายระยะเวลาจัดเก็บ')]'.</msg>
<status status="PASS" starttime="20230308 21:44:13.997" endtime="20230308 21:44:15.610"/>
</kw>
<kw name="Sleep" library="BuiltIn">
<arg>1</arg>
<doc>Pauses the test executed for the given time.</doc>
<msg timestamp="20230308 21:44:16.611" level="INFO">Slept 1 second</msg>
<status status="PASS" starttime="20230308 21:44:15.610" endtime="20230308 21:44:16.611"/>
</kw>
<kw name="Scroll Element Into View" library="SeleniumLibrary">
<arg>xpath=//input[@id="oldmat"]</arg>
<doc>Scrolls the element identified by ``locator`` into view.</doc>
<status status="PASS" starttime="20230308 21:44:16.611" endtime="20230308 21:44:17.089"/>
</kw>
<kw name="Sleep" library="BuiltIn">
<arg>1</arg>
<doc>Pauses the test executed for the given time.</doc>
<msg timestamp="20230308 21:44:18.090" level="INFO">Slept 1 second</msg>
<status status="PASS" starttime="20230308 21:44:17.089" endtime="20230308 21:44:18.091"/>
</kw>
<kw name="Wait Until Page Contains Element" library="SeleniumLibrary">
<arg>xpath=//select[@id="selectYears"]</arg>
<doc>Waits until the element ``locator`` appears on the current page.</doc>
<status status="PASS" starttime="20230308 21:44:18.091" endtime="20230308 21:44:18.131"/>
</kw>
<kw name="Click Element" library="SeleniumLibrary">
<arg>xpath=//select[@id="selectYears"]</arg>
<doc>Click the element identified by ``locator``.</doc>
<msg timestamp="20230308 21:44:18.132" level="INFO">Clicking element 'xpath=//select[@id="selectYears"]'.</msg>
<status status="PASS" starttime="20230308 21:44:18.131" endtime="20230308 21:44:18.280"/>
</kw>
<kw name="Page Should Contain Element" library="SeleniumLibrary">
<arg>xpath=//select[@id="selectYears"]</arg>
<doc>Verifies that element ``locator`` is found on the current page.</doc>
<msg timestamp="20230308 21:44:18.283" level="INFO">Current page contains element 'xpath=//select[@id="selectYears"]'.</msg>
<status status="PASS" starttime="20230308 21:44:18.280" endtime="20230308 21:44:18.283"/>
</kw>
<kw name="Sleep" library="BuiltIn">
<arg>1</arg>
<doc>Pauses the test executed for the given time.</doc>
<msg timestamp="20230308 21:44:19.285" level="INFO">Slept 1 second</msg>
<status status="PASS" starttime="20230308 21:44:18.283" endtime="20230308 21:44:19.286"/>
</kw>
<kw name="Wait Until Page Contains Element" library="SeleniumLibrary">
<arg>xpath=//select[@id="plant"]</arg>
<doc>Waits until the element ``locator`` appears on the current page.</doc>
<status status="PASS" starttime="20230308 21:44:19.286" endtime="20230308 21:44:19.310"/>
</kw>
<kw name="Page Should Contain Element" library="SeleniumLibrary">
<arg>xpath=//select[@id="plant"]</arg>
<doc>Verifies that element ``locator`` is found on the current page.</doc>
<msg timestamp="20230308 21:44:19.318" level="INFO">Current page contains element 'xpath=//select[@id="plant"]'.</msg>
<status status="PASS" starttime="20230308 21:44:19.310" endtime="20230308 21:44:19.318"/>
</kw>
<kw name="Click Element" library="SeleniumLibrary">
<arg>xpath=//select[@id="plant"]</arg>
<doc>Click the element identified by ``locator``.</doc>
<msg timestamp="20230308 21:44:19.319" level="INFO">Clicking element 'xpath=//select[@id="plant"]'.</msg>
<status status="PASS" starttime="20230308 21:44:19.318" endtime="20230308 21:44:19.636"/>
</kw>
<kw name="Wait Until Page Contains Element" library="SeleniumLibrary">
<arg>xpath=//option[@value='9902']</arg>
<doc>Waits until the element ``locator`` appears on the current page.</doc>
<status status="PASS" starttime="20230308 21:44:19.636" endtime="20230308 21:44:19.665"/>
</kw>
<kw name="Page Should Contain Element" library="SeleniumLibrary">
<arg>xpath=//option[@value='9902']</arg>
<doc>Verifies that element ``locator`` is found on the current page.</doc>
<msg timestamp="20230308 21:44:19.669" level="INFO">Current page contains element 'xpath=//option[@value='9902']'.</msg>
<status status="PASS" starttime="20230308 21:44:19.665" endtime="20230308 21:44:19.669"/>
</kw>
<kw name="Click Element" library="SeleniumLibrary">
<arg>xpath=//option[@value='9902']</arg>
<doc>Click the element identified by ``locator``.</doc>
<msg timestamp="20230308 21:44:19.670" level="INFO">Clicking element 'xpath=//option[@value='9902']'.</msg>
<status status="PASS" starttime="20230308 21:44:19.669" endtime="20230308 21:44:20.109"/>
</kw>
<kw name="Wait Until Page Contains Element" library="SeleniumLibrary">
<arg>xpath=//button[contains(text(), 'ค้นหา')]</arg>
<doc>Waits until the element ``locator`` appears on the current page.</doc>
<status status="PASS" starttime="20230308 21:44:20.110" endtime="20230308 21:44:20.121"/>
</kw>
<kw name="Page Should Contain Element" library="SeleniumLibrary">
<arg>xpath=//button[contains(text(), 'ค้นหา')]</arg>
<doc>Verifies that element ``locator`` is found on the current page.</doc>
<msg timestamp="20230308 21:44:20.127" level="INFO">Current page contains element 'xpath=//button[contains(text(), 'ค้นหา')]'.</msg>
<status status="PASS" starttime="20230308 21:44:20.122" endtime="20230308 21:44:20.128"/>
</kw>
<kw name="Click Element" library="SeleniumLibrary">
<arg>xpath=//button[contains(text(), 'ค้นหา')]</arg>
<doc>Click the element identified by ``locator``.</doc>
<msg timestamp="20230308 21:44:20.128" level="INFO">Clicking element 'xpath=//button[contains(text(), 'ค้นหา')]'.</msg>
<status status="PASS" starttime="20230308 21:44:20.128" endtime="20230308 21:44:20.811"/>
</kw>
<kw name="Sleep" library="BuiltIn">
<arg>2</arg>
<doc>Pauses the test executed for the given time.</doc>
<msg timestamp="20230308 21:44:22.812" level="INFO">Slept 2 seconds</msg>
<status status="PASS" starttime="20230308 21:44:20.811" endtime="20230308 21:44:22.812"/>
</kw>
<kw name="Get Time" library="BuiltIn">
<var>${start_time}</var>
<arg>result_format=seconds</arg>
<doc>Returns the given time in the requested format.</doc>
<msg timestamp="20230308 21:44:22.813" level="INFO">${start_time} = 22</msg>
<status status="PASS" starttime="20230308 21:44:22.813" endtime="20230308 21:44:22.813"/>
</kw>
<kw name="Wait Until Page Contains Element" library="SeleniumLibrary">
<arg>xpath=//tr[@class="bg-white whitespace-nowrap"]</arg>
<doc>Waits until the element ``locator`` appears on the current page.</doc>
<msg timestamp="20230308 21:44:28.935" level="INFO" html="true">&lt;/td&gt;&lt;/tr&gt;&lt;tr&gt;&lt;td colspan="3"&gt;&lt;a href="selenium-screenshot-1.png"&gt;&lt;img src="selenium-screenshot-1.png" width="800px"&gt;&lt;/a&gt;</msg>
<msg timestamp="20230308 21:44:28.935" level="FAIL">Element 'xpath=//tr[@class="bg-white whitespace-nowrap"]' did not appear in 5 seconds.</msg>
<status status="FAIL" starttime="20230308 21:44:22.813" endtime="20230308 21:44:28.938"/>
</kw>
<kw name="Page Should Contain Element" library="SeleniumLibrary">
<arg>xpath=//tr[@class="bg-white whitespace-nowrap"]</arg>
<doc>Verifies that element ``locator`` is found on the current page.</doc>
<status status="NOT RUN" starttime="20230308 21:44:28.938" endtime="20230308 21:44:28.938"/>
</kw>
<kw name="Get Element Count" library="SeleniumLibrary">
<var>${element_1}</var>
<arg>xpath=//tr[@class="bg-white whitespace-nowrap"]</arg>
<doc>Returns the number of elements matching ``locator``.</doc>
<status status="NOT RUN" starttime="20230308 21:44:28.938" endtime="20230308 21:44:28.938"/>
</kw>
<kw name="Log" library="BuiltIn">
<arg>Check Element: 'record' ${element_1}</arg>
<arg>console=yes</arg>
<doc>Logs the given message with the given level.</doc>
<status status="NOT RUN" starttime="20230308 21:44:28.938" endtime="20230308 21:44:28.938"/>
</kw>
<kw name="Scroll Element Into View" library="SeleniumLibrary">
<arg>xpath=//div[@class="col-span-12 md:col-span-4 text-right pr-2"]/button</arg>
<doc>Scrolls the element identified by ``locator`` into view.</doc>
<status status="NOT RUN" starttime="20230308 21:44:28.938" endtime="20230308 21:44:28.938"/>
</kw>
<kw name="Sleep" library="BuiltIn">
<arg>1</arg>
<doc>Pauses the test executed for the given time.</doc>
<status status="NOT RUN" starttime="20230308 21:44:28.938" endtime="20230308 21:44:28.938"/>
</kw>
<kw name="Capture Page Screenshot" library="SeleniumLibrary">
<arg>1.png</arg>
<doc>Takes a screenshot of the current page and embeds it into a log file.</doc>
<status status="NOT RUN" starttime="20230308 21:44:28.938" endtime="20230308 21:44:28.938"/>
</kw>
<kw name="Sleep" library="BuiltIn">
<arg>1</arg>
<doc>Pauses the test executed for the given time.</doc>
<status status="NOT RUN" starttime="20230308 21:44:28.938" endtime="20230308 21:44:28.938"/>
</kw>
<kw name="Scroll Element Into View" library="SeleniumLibrary">
<arg>xpath=//div[@data-testid="pageNavigation-display"]</arg>
<doc>Scrolls the element identified by ``locator`` into view.</doc>
<status status="NOT RUN" starttime="20230308 21:44:28.938" endtime="20230308 21:44:28.938"/>
</kw>
<kw name="Get Time" library="BuiltIn">
<var>${end_time}</var>
<arg>result_format=seconds</arg>
<doc>Returns the given time in the requested format.</doc>
<status status="NOT RUN" starttime="20230308 21:44:28.938" endtime="20230308 21:44:28.938"/>
</kw>
<kw name="Get Run Time">
<arg>${start_time}</arg>
<arg>${end_time}</arg>
<status status="NOT RUN" starttime="20230308 21:44:28.938" endtime="20230308 21:44:28.938"/>
</kw>
<kw name="Sleep" library="BuiltIn">
<arg>1</arg>
<doc>Pauses the test executed for the given time.</doc>
<status status="NOT RUN" starttime="20230308 21:44:28.938" endtime="20230308 21:44:28.938"/>
</kw>
<kw name="Capture Page Screenshot" library="SeleniumLibrary">
<arg>2.png</arg>
<doc>Takes a screenshot of the current page and embeds it into a log file.</doc>
<status status="NOT RUN" starttime="20230308 21:44:28.938" endtime="20230308 21:44:28.938"/>
</kw>
<kw name="Sleep" library="BuiltIn">
<arg>1</arg>
<doc>Pauses the test executed for the given time.</doc>
<status status="NOT RUN" starttime="20230308 21:44:28.938" endtime="20230308 21:44:28.938"/>
</kw>
<kw name="Wait Until Page Contains Element" library="SeleniumLibrary">
<arg>xpath=//div[@class="col-span-12 md:col-span-4 text-right pr-2"]/button</arg>
<doc>Waits until the element ``locator`` appears on the current page.</doc>
<status status="NOT RUN" starttime="20230308 21:44:28.939" endtime="20230308 21:44:28.939"/>
</kw>
<kw name="Page Should Contain Element" library="SeleniumLibrary">
<arg>xpath=//div[@class="col-span-12 md:col-span-4 text-right pr-2"]/button</arg>
<doc>Verifies that element ``locator`` is found on the current page.</doc>
<status status="NOT RUN" starttime="20230308 21:44:28.939" endtime="20230308 21:44:28.939"/>
</kw>
<kw name="Click Element" library="SeleniumLibrary">
<arg>xpath=//div[@class="col-span-12 md:col-span-4 text-right pr-2"]/button</arg>
<doc>Click the element identified by ``locator``.</doc>
<status status="NOT RUN" starttime="20230308 21:44:28.939" endtime="20230308 21:44:28.939"/>
</kw>
<kw name="Sleep" library="BuiltIn">
<arg>10</arg>
<doc>Pauses the test executed for the given time.</doc>
<status status="NOT RUN" starttime="20230308 21:44:28.939" endtime="20230308 21:44:28.939"/>
</kw>
<kw name="Check Exported File">
<status status="NOT RUN" starttime="20230308 21:44:28.939" endtime="20230308 21:44:28.939"/>
</kw>
<kw name="Sleep" library="BuiltIn">
<arg>1</arg>
<doc>Pauses the test executed for the given time.</doc>
<status status="NOT RUN" starttime="20230308 21:44:28.939" endtime="20230308 21:44:28.939"/>
</kw>
<kw name="Wait Until Page Contains Element" library="SeleniumLibrary">
<arg>xpath=//button[contains(text(), 'ล้างทั้งหมด')]</arg>
<doc>Waits until the element ``locator`` appears on the current page.</doc>
<status status="NOT RUN" starttime="20230308 21:44:28.939" endtime="20230308 21:44:28.939"/>
</kw>
<kw name="Page Should Contain Element" library="SeleniumLibrary">
<arg>xpath=//button[contains(text(), 'ล้างทั้งหมด')]</arg>
<doc>Verifies that element ``locator`` is found on the current page.</doc>
<status status="NOT RUN" starttime="20230308 21:44:28.939" endtime="20230308 21:44:28.939"/>
</kw>
<kw name="Click Element" library="SeleniumLibrary">
<arg>xpath=//button[contains(text(), 'ล้างทั้งหมด')]</arg>
<doc>Click the element identified by ``locator``.</doc>
<status status="NOT RUN" starttime="20230308 21:44:28.939" endtime="20230308 21:44:28.939"/>
</kw>
<kw name="Sleep" library="BuiltIn">
<arg>1</arg>
<doc>Pauses the test executed for the given time.</doc>
<status status="NOT RUN" starttime="20230308 21:44:28.939" endtime="20230308 21:44:28.939"/>
</kw>
<status status="FAIL" starttime="20230308 21:44:10.847" endtime="20230308 21:44:28.939"/>
</kw>
<kw name="Close Browser" library="SeleniumLibrary" type="TEARDOWN">
<doc>Closes the current browser.</doc>
<status status="PASS" starttime="20230308 21:44:28.939" endtime="20230308 21:44:29.009"/>
</kw>
<status status="FAIL" starttime="20230308 21:43:52.022" endtime="20230308 21:44:29.009">Element 'xpath=//tr[@class="bg-white whitespace-nowrap"]' did not appear in 5 seconds.</status>
</test>
<status status="FAIL" starttime="20230308 21:43:51.844" endtime="20230308 21:44:29.009"/>
</suite>
<statistics>
<total>
<stat pass="0" fail="1" skip="0">All Tests</stat>
</total>
<tag>
</tag>
<suite>
<stat pass="0" fail="1" skip="0" id="s1" name="Menu 1 3">Menu 1 3</stat>
</suite>
</statistics>
<errors>
</errors>
</robot>
