<?xml version="1.0" encoding="UTF-8"?>
<robot generator="Robot 5.0.1 (Python 3.9.16 on darwin)" generated="20230309 23:01:11.047" rpa="false" schemaversion="3">
<suite id="s1" name="Ui-Test" source="/Users/kingdouchebag/Desktop/Freezone_Project/Freezome_Robot/pipeline/back_up/ui-test.robot">
<test id="s1-t1" name="Main Test" line="138">
<kw name="Open Browser CASHCALL">
<arg>${URL}</arg>
<arg>${BROWSER}</arg>
<kw name="Open Browser" library="SeleniumLibrary">
<arg>${URL}</arg>
<arg>${BROWSER}</arg>
<doc>Opens a new browser instance to the optional ``url``.</doc>
<msg timestamp="20230309 23:01:11.248" level="INFO">Opening browser 'headlesschrome' to base url 'https://freezoneinventory-dev.pttep.com/#/dev'.</msg>
<status status="PASS" starttime="20230309 23:01:11.248" endtime="20230309 23:01:15.612"/>
</kw>
<kw name="Get Window Titles" library="SeleniumLibrary">
<var>${windowhandles}</var>
<doc>Returns and logs titles of all windows of the selected browser.</doc>
<msg timestamp="20230309 23:01:15.655" level="INFO">Altogether 1 item.
1: หน้าล็อกอินโรบอท | PTTEP</msg>
<msg timestamp="20230309 23:01:15.655" level="INFO">${windowhandles} = ['หน้าล็อกอินโรบอท | PTTEP']</msg>
<status status="PASS" starttime="20230309 23:01:15.612" endtime="20230309 23:01:15.656"/>
</kw>
<kw name="Title Should Be" library="SeleniumLibrary">
<arg>หน้าล็อกอินโรบอท | PTTEP</arg>
<doc>Verifies that the current page title equals ``title``.</doc>
<msg timestamp="20230309 23:01:16.158" level="INFO">Page title is 'หน้าล็อกอินโรบอท | PTTEP'.</msg>
<status status="PASS" starttime="20230309 23:01:15.656" endtime="20230309 23:01:16.159"/>
</kw>
<kw name="Log" library="BuiltIn">
<arg>Check Function: '1. Open Browser FREEZONE'</arg>
<arg>console=yes</arg>
<doc>Logs the given message with the given level.</doc>
<msg timestamp="20230309 23:01:16.159" level="INFO">Check Function: '1. Open Browser FREEZONE'</msg>
<status status="PASS" starttime="20230309 23:01:16.159" endtime="20230309 23:01:16.159"/>
</kw>
<status status="PASS" starttime="20230309 23:01:11.247" endtime="20230309 23:01:16.159"/>
</kw>
<kw name="Login">
<arg>${URL}</arg>
<kw name="Create Session" library="RequestsLibrary">
<arg>my_browser</arg>
<arg>${URL}</arg>
<doc>Create Session: create a HTTP session to a server</doc>
<msg timestamp="20230309 23:01:16.160" level="INFO">Creating Session using : alias=my_browser, url=https://freezoneinventory-dev.pttep.com/#/dev, headers={},                     cookies={}, auth=None, timeout=None, proxies=None, verify=False,                     debug=0 </msg>
<status status="PASS" starttime="20230309 23:01:16.160" endtime="20230309 23:01:16.160"/>
</kw>
<kw name="Sleep" library="BuiltIn">
<arg>3</arg>
<doc>Pauses the test executed for the given time.</doc>
<msg timestamp="20230309 23:01:19.162" level="INFO">Slept 3 seconds</msg>
<status status="PASS" starttime="20230309 23:01:16.160" endtime="20230309 23:01:19.162"/>
</kw>
<kw name="Wait Until Page Contains Element" library="SeleniumLibrary">
<arg>xpath=//button[@id="onetrust-accept-btn-handler"]</arg>
<doc>Waits until the element ``locator`` appears on the current page.</doc>
<status status="PASS" starttime="20230309 23:01:19.163" endtime="20230309 23:01:19.270"/>
</kw>
<kw name="Click Element" library="SeleniumLibrary">
<arg>xpath=//button[@id="onetrust-accept-btn-handler"]</arg>
<doc>Click the element identified by ``locator``.</doc>
<msg timestamp="20230309 23:01:19.270" level="INFO">Clicking element 'xpath=//button[@id="onetrust-accept-btn-handler"]'.</msg>
<status status="PASS" starttime="20230309 23:01:19.270" endtime="20230309 23:01:19.381"/>
</kw>
<kw name="Get Element Count" library="SeleniumLibrary">
<var>${element_x}</var>
<arg>xpath=//button[@id="onetrust-accept-btn-handler"]</arg>
<doc>Returns the number of elements matching ``locator``.</doc>
<msg timestamp="20230309 23:01:19.386" level="INFO">${element_x} = 1</msg>
<status status="PASS" starttime="20230309 23:01:19.381" endtime="20230309 23:01:19.386"/>
</kw>
<kw name="Wait Until Page Contains Element" library="SeleniumLibrary">
<arg>xpath=//input[@id="codeBypass"]</arg>
<doc>Waits until the element ``locator`` appears on the current page.</doc>
<status status="PASS" starttime="20230309 23:01:19.386" endtime="20230309 23:01:19.441"/>
</kw>
<kw name="Page Should Contain Element" library="SeleniumLibrary">
<arg>xpath=//input[@id="codeBypass"]</arg>
<doc>Verifies that element ``locator`` is found on the current page.</doc>
<msg timestamp="20230309 23:01:19.449" level="INFO">Current page contains element 'xpath=//input[@id="codeBypass"]'.</msg>
<status status="PASS" starttime="20230309 23:01:19.441" endtime="20230309 23:01:19.449"/>
</kw>
<kw name="Input Text" library="SeleniumLibrary">
<arg>xpath=//input[@id="codeBypass"]</arg>
<arg>${robot_login}</arg>
<doc>Types the given ``text`` into the text field identified by ``locator``.</doc>
<msg timestamp="20230309 23:01:19.449" level="INFO">Typing text '3aa94123-01f6-47b8-b5ef-82400f62dccb' into text field 'xpath=//input[@id="codeBypass"]'.</msg>
<status status="PASS" starttime="20230309 23:01:19.449" endtime="20230309 23:01:20.404"/>
</kw>
<kw name="Get Element Count" library="SeleniumLibrary">
<var>${element_0}</var>
<arg>xpath=//input[@id="codeBypass"]</arg>
<doc>Returns the number of elements matching ``locator``.</doc>
<msg timestamp="20230309 23:01:20.759" level="INFO">${element_0} = 1</msg>
<status status="PASS" starttime="20230309 23:01:20.404" endtime="20230309 23:01:20.759"/>
</kw>
<kw name="Wait Until Page Contains Element" library="SeleniumLibrary">
<arg>xpath=//button[contains(text(), '${Submit_Button}')]</arg>
<doc>Waits until the element ``locator`` appears on the current page.</doc>
<status status="PASS" starttime="20230309 23:01:20.759" endtime="20230309 23:01:21.151"/>
</kw>
<kw name="Page Should Contain Element" library="SeleniumLibrary">
<arg>xpath=//button[contains(text(), '${Submit_Button}')]</arg>
<doc>Verifies that element ``locator`` is found on the current page.</doc>
<msg timestamp="20230309 23:01:21.202" level="INFO">Current page contains element 'xpath=//button[contains(text(), 'เข้าสู่ระบบ')]'.</msg>
<status status="PASS" starttime="20230309 23:01:21.151" endtime="20230309 23:01:21.202"/>
</kw>
<kw name="Get Element Count" library="SeleniumLibrary">
<var>${element_1}</var>
<arg>xpath=//button[contains(text(), '${Submit_Button}')]</arg>
<doc>Returns the number of elements matching ``locator``.</doc>
<msg timestamp="20230309 23:01:21.210" level="INFO">${element_1} = 1</msg>
<status status="PASS" starttime="20230309 23:01:21.202" endtime="20230309 23:01:21.211"/>
</kw>
<kw name="Log" library="BuiltIn">
<arg>Check Function: Check Login Page</arg>
<arg>console=yes</arg>
<doc>Logs the given message with the given level.</doc>
<msg timestamp="20230309 23:01:21.211" level="INFO">Check Function: Check Login Page</msg>
<status status="PASS" starttime="20230309 23:01:21.211" endtime="20230309 23:01:21.211"/>
</kw>
<kw name="Log" library="BuiltIn">
<arg>Check Element: 'Pop Up PDPA' ${element_x}</arg>
<arg>console=yes</arg>
<doc>Logs the given message with the given level.</doc>
<msg timestamp="20230309 23:01:21.211" level="INFO">Check Element: 'Pop Up PDPA' 1</msg>
<status status="PASS" starttime="20230309 23:01:21.211" endtime="20230309 23:01:21.211"/>
</kw>
<kw name="Log" library="BuiltIn">
<arg>Check Element: 'Input Secret Code' ${element_0}</arg>
<arg>console=yes</arg>
<doc>Logs the given message with the given level.</doc>
<msg timestamp="20230309 23:01:21.211" level="INFO">Check Element: 'Input Secret Code' 1</msg>
<status status="PASS" starttime="20230309 23:01:21.211" endtime="20230309 23:01:21.211"/>
</kw>
<kw name="Log" library="BuiltIn">
<arg>Check Element: 'Login Button' ${element_1}</arg>
<arg>console=yes</arg>
<doc>Logs the given message with the given level.</doc>
<msg timestamp="20230309 23:01:21.212" level="INFO">Check Element: 'Login Button' 1</msg>
<status status="PASS" starttime="20230309 23:01:21.211" endtime="20230309 23:01:21.212"/>
</kw>
<kw name="Click Element" library="SeleniumLibrary">
<arg>xpath=//button[contains(text(), '${Submit_Button}')]</arg>
<doc>Click the element identified by ``locator``.</doc>
<msg timestamp="20230309 23:01:21.212" level="INFO">Clicking element 'xpath=//button[contains(text(), 'เข้าสู่ระบบ')]'.</msg>
<status status="PASS" starttime="20230309 23:01:21.212" endtime="20230309 23:01:24.724"/>
</kw>
<status status="PASS" starttime="20230309 23:01:16.159" endtime="20230309 23:01:24.724"/>
</kw>
<kw name="Check Page Resource">
<kw name="Sleep" library="BuiltIn">
<arg>2</arg>
<doc>Pauses the test executed for the given time.</doc>
<msg timestamp="20230309 23:01:26.725" level="INFO">Slept 2 seconds</msg>
<status status="PASS" starttime="20230309 23:01:24.724" endtime="20230309 23:01:26.725"/>
</kw>
<kw name="Get Source" library="SeleniumLibrary">
<var>${html}</var>
<doc>Returns the entire HTML source of the current page or frame.</doc>
<msg timestamp="20230309 23:01:26.776" level="INFO">${html} = &lt;html lang="en"&gt;&lt;head&gt;&lt;meta charset="utf-8"&gt;&lt;link rel="icon" href="/favicon.ico"&gt;&lt;meta name="viewport" content="width=device-width,initial-scale=1"&gt;&lt;meta name="theme-color" content="#000000"&gt;&lt;meta nam...</msg>
<status status="PASS" starttime="20230309 23:01:26.726" endtime="20230309 23:01:26.777"/>
</kw>
<kw name="Get Window Titles" library="SeleniumLibrary">
<var>${windowtitles}</var>
<doc>Returns and logs titles of all windows of the selected browser.</doc>
<msg timestamp="20230309 23:01:26.788" level="INFO">Altogether 1 item.
1: รายงานสินค้าคงเหลือ | PTTEP</msg>
<msg timestamp="20230309 23:01:26.788" level="INFO">${windowtitles} = ['รายงานสินค้าคงเหลือ | PTTEP']</msg>
<status status="PASS" starttime="20230309 23:01:26.777" endtime="20230309 23:01:26.788"/>
</kw>
<kw name="Get Window Handles" library="SeleniumLibrary">
<var>${windowhandles}</var>
<doc>Returns all child window handles of the selected browser as a list.</doc>
<msg timestamp="20230309 23:01:26.789" level="INFO">${windowhandles} = ['DBE44E47191994F86B433930C9640841']</msg>
<status status="PASS" starttime="20230309 23:01:26.788" endtime="20230309 23:01:26.789"/>
</kw>
<kw name="Log" library="BuiltIn">
<arg>'Window Titles'${windowtitles}</arg>
<arg>console=yes</arg>
<doc>Logs the given message with the given level.</doc>
<msg timestamp="20230309 23:01:26.790" level="INFO">'Window Titles'['รายงานสินค้าคงเหลือ | PTTEP']</msg>
<status status="PASS" starttime="20230309 23:01:26.789" endtime="20230309 23:01:26.790"/>
</kw>
<kw name="Log" library="BuiltIn">
<arg>'Window Handles'${windowhandles}</arg>
<arg>console=yes</arg>
<doc>Logs the given message with the given level.</doc>
<msg timestamp="20230309 23:01:26.790" level="INFO">'Window Handles'['DBE44E47191994F86B433930C9640841']</msg>
<status status="PASS" starttime="20230309 23:01:26.790" endtime="20230309 23:01:26.790"/>
</kw>
<status status="PASS" starttime="20230309 23:01:24.724" endtime="20230309 23:01:26.790"/>
</kw>
<kw name="Check Tab Menu">
<kw name="Sleep" library="BuiltIn">
<arg>2</arg>
<doc>Pauses the test executed for the given time.</doc>
<msg timestamp="20230309 23:01:28.792" level="INFO">Slept 2 seconds</msg>
<status status="PASS" starttime="20230309 23:01:26.790" endtime="20230309 23:01:28.792"/>
</kw>
<kw name="Wait Until Page Contains Element" library="SeleniumLibrary">
<arg>xpath=//div[@data-testid="dropdowns-inventoryControlReport-display"]</arg>
<doc>Waits until the element ``locator`` appears on the current page.</doc>
<status status="PASS" starttime="20230309 23:01:28.792" endtime="20230309 23:01:28.807"/>
</kw>
<kw name="Page Should Contain Element" library="SeleniumLibrary">
<arg>xpath=//div[@data-testid="dropdowns-inventoryControlReport-display"]</arg>
<doc>Verifies that element ``locator`` is found on the current page.</doc>
<msg timestamp="20230309 23:01:28.812" level="INFO">Current page contains element 'xpath=//div[@data-testid="dropdowns-inventoryControlReport-display"]'.</msg>
<status status="PASS" starttime="20230309 23:01:28.807" endtime="20230309 23:01:28.812"/>
</kw>
<kw name="Wait Until Page Contains Element" library="SeleniumLibrary">
<arg>xpath=//div[@data-testid="dropdowns-photoImageStorageReport-display"]</arg>
<doc>Waits until the element ``locator`` appears on the current page.</doc>
<status status="PASS" starttime="20230309 23:01:28.812" endtime="20230309 23:01:28.828"/>
</kw>
<kw name="Page Should Contain Element" library="SeleniumLibrary">
<arg>xpath=//div[@data-testid="dropdowns-photoImageStorageReport-display"]</arg>
<doc>Verifies that element ``locator`` is found on the current page.</doc>
<msg timestamp="20230309 23:01:28.833" level="INFO">Current page contains element 'xpath=//div[@data-testid="dropdowns-photoImageStorageReport-display"]'.</msg>
<status status="PASS" starttime="20230309 23:01:28.828" endtime="20230309 23:01:28.833"/>
</kw>
<kw name="Wait Until Page Contains Element" library="SeleniumLibrary">
<arg>xpath=//div[@data-testid="dropdowns-wahereHouse-display"]</arg>
<doc>Waits until the element ``locator`` appears on the current page.</doc>
<status status="PASS" starttime="20230309 23:01:28.833" endtime="20230309 23:01:28.848"/>
</kw>
<kw name="Page Should Contain Element" library="SeleniumLibrary">
<arg>xpath=//div[@data-testid="dropdowns-wahereHouse-display"]</arg>
<doc>Verifies that element ``locator`` is found on the current page.</doc>
<msg timestamp="20230309 23:01:28.853" level="INFO">Current page contains element 'xpath=//div[@data-testid="dropdowns-wahereHouse-display"]'.</msg>
<status status="PASS" starttime="20230309 23:01:28.848" endtime="20230309 23:01:28.853"/>
</kw>
<kw name="Get Element Count" library="SeleniumLibrary">
<var>${element_2}</var>
<arg>xpath=//div[@data-testid="dropdowns-inventoryControlReport-display"]</arg>
<doc>Returns the number of elements matching ``locator``.</doc>
<msg timestamp="20230309 23:01:28.858" level="INFO">${element_2} = 1</msg>
<status status="PASS" starttime="20230309 23:01:28.853" endtime="20230309 23:01:28.858"/>
</kw>
<kw name="Log" library="BuiltIn">
<arg>Check Function: 3. Check Interface Tab Menu</arg>
<arg>console=yes</arg>
<doc>Logs the given message with the given level.</doc>
<msg timestamp="20230309 23:01:28.858" level="INFO">Check Function: 3. Check Interface Tab Menu</msg>
<status status="PASS" starttime="20230309 23:01:28.858" endtime="20230309 23:01:28.858"/>
</kw>
<kw name="Log" library="BuiltIn">
<arg>Check Element: 'Menu: รายงานควบคุมสินค้าคงคลัง' ${element_2}</arg>
<arg>console=yes</arg>
<doc>Logs the given message with the given level.</doc>
<msg timestamp="20230309 23:01:28.859" level="INFO">Check Element: 'Menu: รายงานควบคุมสินค้าคงคลัง' 1</msg>
<status status="PASS" starttime="20230309 23:01:28.858" endtime="20230309 23:01:28.859"/>
</kw>
<kw name="Get Element Count" library="SeleniumLibrary">
<var>${element_3}</var>
<arg>xpath=//div[@data-testid="dropdowns-photoImageStorageReport-display"]</arg>
<doc>Returns the number of elements matching ``locator``.</doc>
<msg timestamp="20230309 23:01:28.864" level="INFO">${element_3} = 1</msg>
<status status="PASS" starttime="20230309 23:01:28.859" endtime="20230309 23:01:28.864"/>
</kw>
<kw name="Log" library="BuiltIn">
<arg>Check Function: 3. Check Interface Tab Menu</arg>
<arg>console=yes</arg>
<doc>Logs the given message with the given level.</doc>
<msg timestamp="20230309 23:01:28.864" level="INFO">Check Function: 3. Check Interface Tab Menu</msg>
<status status="PASS" starttime="20230309 23:01:28.864" endtime="20230309 23:01:28.864"/>
</kw>
<kw name="Log" library="BuiltIn">
<arg>Check Element: 'Menu: รายงานภาพถ่ายและจัดเก็บสินค้า' ${element_3}</arg>
<arg>console=yes</arg>
<doc>Logs the given message with the given level.</doc>
<msg timestamp="20230309 23:01:28.864" level="INFO">Check Element: 'Menu: รายงานภาพถ่ายและจัดเก็บสินค้า' 1</msg>
<status status="PASS" starttime="20230309 23:01:28.864" endtime="20230309 23:01:28.865"/>
</kw>
<kw name="Get Element Count" library="SeleniumLibrary">
<var>${element_4}</var>
<arg>xpath=//div[@data-testid="dropdowns-wahereHouse-display"]</arg>
<doc>Returns the number of elements matching ``locator``.</doc>
<msg timestamp="20230309 23:01:28.870" level="INFO">${element_4} = 1</msg>
<status status="PASS" starttime="20230309 23:01:28.865" endtime="20230309 23:01:28.870"/>
</kw>
<kw name="Log" library="BuiltIn">
<arg>Check Function: 3. Check Interface Tab Menu</arg>
<arg>console=yes</arg>
<doc>Logs the given message with the given level.</doc>
<msg timestamp="20230309 23:01:28.871" level="INFO">Check Function: 3. Check Interface Tab Menu</msg>
<status status="PASS" starttime="20230309 23:01:28.870" endtime="20230309 23:01:28.871"/>
</kw>
<kw name="Log" library="BuiltIn">
<arg>Check Element: 'Menu: พื้นที่คลังสินค้า' ${element_4}</arg>
<arg>console=yes</arg>
<doc>Logs the given message with the given level.</doc>
<msg timestamp="20230309 23:01:28.871" level="INFO">Check Element: 'Menu: พื้นที่คลังสินค้า' 1</msg>
<status status="PASS" starttime="20230309 23:01:28.871" endtime="20230309 23:01:28.871"/>
</kw>
<status status="PASS" starttime="20230309 23:01:26.790" endtime="20230309 23:01:28.871"/>
</kw>
<kw name="Close Browser" library="SeleniumLibrary" type="TEARDOWN">
<doc>Closes the current browser.</doc>
<status status="PASS" starttime="20230309 23:01:28.871" endtime="20230309 23:01:28.935"/>
</kw>
<status status="PASS" starttime="20230309 23:01:11.247" endtime="20230309 23:01:28.935"/>
</test>
<kw name="Delete All Sessions" library="RequestsLibrary" type="TEARDOWN">
<doc>Removes all the session objects</doc>
<msg timestamp="20230309 23:01:28.936" level="INFO">Deleting All Sessions</msg>
<status status="PASS" starttime="20230309 23:01:28.936" endtime="20230309 23:01:28.936"/>
</kw>
<status status="PASS" starttime="20230309 23:01:11.047" endtime="20230309 23:01:28.936"/>
</suite>
<statistics>
<total>
<stat pass="1" fail="0" skip="0">All Tests</stat>
</total>
<tag>
</tag>
<suite>
<stat pass="1" fail="0" skip="0" id="s1" name="Ui-Test">Ui-Test</stat>
</suite>
</statistics>
<errors>
</errors>
</robot>
