<?xml version="1.0" encoding="UTF-8"?>
<robot generator="Robot 5.0.1 (Python 3.9.16 on darwin)" generated="20230306 21:48:54.199" rpa="false" schemaversion="3">
<suite id="s1" name="1" source="/Users/kingdouchebag/Desktop/Freezone_Project/Freezome_Robot/local/menu_2/1.robot">
<test id="s1-t1" name="Main Test" line="364">
<kw name="Open Browser CASHCALL">
<arg>${URL}</arg>
<arg>${BROWSER}</arg>
<kw name="Open Browser" library="SeleniumLibrary">
<arg>${URL}</arg>
<arg>${BROWSER}</arg>
<doc>Opens a new browser instance to the optional ``url``.</doc>
<msg timestamp="20230306 21:48:54.280" level="INFO">Opening browser 'Chrome' to base url 'https://freezoneinventory-dev.azurewebsites.net/#/dev'.</msg>
<status status="PASS" starttime="20230306 21:48:54.280" endtime="20230306 21:49:01.273"/>
</kw>
<kw name="Maximize Browser Window" library="SeleniumLibrary">
<doc>Maximizes current browser window.</doc>
<status status="PASS" starttime="20230306 21:49:01.273" endtime="20230306 21:49:01.848"/>
</kw>
<kw name="Get Window Titles" library="SeleniumLibrary">
<var>${windowhandles}</var>
<doc>Returns and logs titles of all windows of the selected browser.</doc>
<msg timestamp="20230306 21:49:01.901" level="INFO">Altogether 1 item.
1: หน้าล็อกอินโรบอท | PTTEP</msg>
<msg timestamp="20230306 21:49:01.901" level="INFO">${windowhandles} = ['หน้าล็อกอินโรบอท | PTTEP']</msg>
<status status="PASS" starttime="20230306 21:49:01.848" endtime="20230306 21:49:01.901"/>
</kw>
<status status="PASS" starttime="20230306 21:48:54.280" endtime="20230306 21:49:01.901"/>
</kw>
<kw name="Login">
<arg>${URL}</arg>
<kw name="Sleep" library="BuiltIn">
<arg>3</arg>
<doc>Pauses the test executed for the given time.</doc>
<msg timestamp="20230306 21:49:04.902" level="INFO">Slept 3 seconds</msg>
<status status="PASS" starttime="20230306 21:49:01.901" endtime="20230306 21:49:04.902"/>
</kw>
<kw name="Get Element Count" library="SeleniumLibrary">
<var>${element_x}</var>
<arg>xpath=//button[@id="onetrust-accept-btn-handler"]</arg>
<doc>Returns the number of elements matching ``locator``.</doc>
<msg timestamp="20230306 21:49:04.988" level="INFO">${element_x} = 1</msg>
<status status="PASS" starttime="20230306 21:49:04.903" endtime="20230306 21:49:04.988"/>
</kw>
<kw name="Get Element Count" library="SeleniumLibrary">
<var>${element_0}</var>
<arg>xpath=//input[@id="codeBypass"]</arg>
<doc>Returns the number of elements matching ``locator``.</doc>
<msg timestamp="20230306 21:49:04.996" level="INFO">${element_0} = 1</msg>
<status status="PASS" starttime="20230306 21:49:04.988" endtime="20230306 21:49:04.996"/>
</kw>
<kw name="Get Element Count" library="SeleniumLibrary">
<var>${element_1}</var>
<arg>xpath=//button[contains(text(), '${Submit_Button}')]</arg>
<doc>Returns the number of elements matching ``locator``.</doc>
<msg timestamp="20230306 21:49:05.014" level="INFO">${element_1} = 1</msg>
<status status="PASS" starttime="20230306 21:49:04.996" endtime="20230306 21:49:05.014"/>
</kw>
<kw name="Wait Until Page Contains Element" library="SeleniumLibrary">
<arg>xpath=//button[@id="onetrust-accept-btn-handler"]</arg>
<doc>Waits until the element ``locator`` appears on the current page.</doc>
<status status="PASS" starttime="20230306 21:49:05.014" endtime="20230306 21:49:05.018"/>
</kw>
<kw name="Click Element" library="SeleniumLibrary">
<arg>xpath=//button[@id="onetrust-accept-btn-handler"]</arg>
<doc>Click the element identified by ``locator``.</doc>
<msg timestamp="20230306 21:49:05.018" level="INFO">Clicking element 'xpath=//button[@id="onetrust-accept-btn-handler"]'.</msg>
<status status="PASS" starttime="20230306 21:49:05.018" endtime="20230306 21:49:05.139"/>
</kw>
<kw name="Wait Until Page Contains Element" library="SeleniumLibrary">
<arg>xpath=//input[@id="codeBypass"]</arg>
<doc>Waits until the element ``locator`` appears on the current page.</doc>
<status status="PASS" starttime="20230306 21:49:05.140" endtime="20230306 21:49:05.144"/>
</kw>
<kw name="Input Text" library="SeleniumLibrary">
<arg>xpath=//input[@id="codeBypass"]</arg>
<arg>${robot_login}</arg>
<doc>Types the given ``text`` into the text field identified by ``locator``.</doc>
<msg timestamp="20230306 21:49:05.145" level="INFO">Typing text '3aa94123-01f6-47b8-b5ef-82400f62dccb' into text field 'xpath=//input[@id="codeBypass"]'.</msg>
<status status="PASS" starttime="20230306 21:49:05.144" endtime="20230306 21:49:05.724"/>
</kw>
<kw name="Page Should Contain Element" library="SeleniumLibrary">
<arg>xpath=//input[@id="codeBypass"]</arg>
<doc>Verifies that element ``locator`` is found on the current page.</doc>
<msg timestamp="20230306 21:49:05.732" level="INFO">Current page contains element 'xpath=//input[@id="codeBypass"]'.</msg>
<status status="PASS" starttime="20230306 21:49:05.724" endtime="20230306 21:49:05.732"/>
</kw>
<kw name="Get Element Count" library="SeleniumLibrary">
<var>${element_0}</var>
<arg>xpath=//input[@id="codeBypass"]</arg>
<doc>Returns the number of elements matching ``locator``.</doc>
<msg timestamp="20230306 21:49:05.736" level="INFO">${element_0} = 1</msg>
<status status="PASS" starttime="20230306 21:49:05.732" endtime="20230306 21:49:05.736"/>
</kw>
<kw name="Wait Until Page Contains Element" library="SeleniumLibrary">
<arg>xpath=//button[contains(text(), '${Submit_Button}')]</arg>
<doc>Waits until the element ``locator`` appears on the current page.</doc>
<status status="PASS" starttime="20230306 21:49:05.736" endtime="20230306 21:49:05.755"/>
</kw>
<kw name="Page Should Contain Element" library="SeleniumLibrary">
<arg>xpath=//button[contains(text(), '${Submit_Button}')]</arg>
<doc>Verifies that element ``locator`` is found on the current page.</doc>
<msg timestamp="20230306 21:49:05.760" level="INFO">Current page contains element 'xpath=//button[contains(text(), 'เข้าสู่ระบบ')]'.</msg>
<status status="PASS" starttime="20230306 21:49:05.755" endtime="20230306 21:49:05.760"/>
</kw>
<kw name="Get Element Count" library="SeleniumLibrary">
<var>${element_1}</var>
<arg>xpath=//button[contains(text(), '${Submit_Button}')]</arg>
<doc>Returns the number of elements matching ``locator``.</doc>
<msg timestamp="20230306 21:49:05.765" level="INFO">${element_1} = 1</msg>
<status status="PASS" starttime="20230306 21:49:05.760" endtime="20230306 21:49:05.765"/>
</kw>
<kw name="Click Element" library="SeleniumLibrary">
<arg>xpath=//button[contains(text(), '${Submit_Button}')]</arg>
<doc>Click the element identified by ``locator``.</doc>
<msg timestamp="20230306 21:49:05.766" level="INFO">Clicking element 'xpath=//button[contains(text(), 'เข้าสู่ระบบ')]'.</msg>
<status status="PASS" starttime="20230306 21:49:05.766" endtime="20230306 21:49:09.253"/>
</kw>
<kw name="Log" library="BuiltIn">
<arg>Check Function: 2. Login Requestor C2</arg>
<arg>console=yes</arg>
<doc>Logs the given message with the given level.</doc>
<msg timestamp="20230306 21:49:09.253" level="INFO">Check Function: 2. Login Requestor C2</msg>
<status status="PASS" starttime="20230306 21:49:09.253" endtime="20230306 21:49:09.253"/>
</kw>
<kw name="Log" library="BuiltIn">
<arg>Check Element: 'Input Secret Code' ${element_0}</arg>
<arg>console=yes</arg>
<doc>Logs the given message with the given level.</doc>
<msg timestamp="20230306 21:49:09.254" level="INFO">Check Element: 'Input Secret Code' 1</msg>
<status status="PASS" starttime="20230306 21:49:09.253" endtime="20230306 21:49:09.254"/>
</kw>
<kw name="Log" library="BuiltIn">
<arg>Check Element: 'Login Button' ${element_1}</arg>
<arg>console=yes</arg>
<doc>Logs the given message with the given level.</doc>
<msg timestamp="20230306 21:49:09.254" level="INFO">Check Element: 'Login Button' 1</msg>
<status status="PASS" starttime="20230306 21:49:09.254" endtime="20230306 21:49:09.254"/>
</kw>
<status status="PASS" starttime="20230306 21:49:01.901" endtime="20230306 21:49:09.254"/>
</kw>
<kw name="Tab 2 Menu 1">
<kw name="Sleep" library="BuiltIn">
<arg>2</arg>
<doc>Pauses the test executed for the given time.</doc>
<msg timestamp="20230306 21:49:11.255" level="INFO">Slept 2 seconds</msg>
<status status="PASS" starttime="20230306 21:49:09.254" endtime="20230306 21:49:11.255"/>
</kw>
<kw name="Wait Until Page Contains Element" library="SeleniumLibrary">
<arg>xpath=//span[contains(text(), 'รายงานภาพถ่ายและจัดเก็บสินค้า')]</arg>
<doc>Waits until the element ``locator`` appears on the current page.</doc>
<status status="PASS" starttime="20230306 21:49:11.256" endtime="20230306 21:49:11.297"/>
</kw>
<kw name="Page Should Contain Element" library="SeleniumLibrary">
<arg>xpath=//span[contains(text(), 'รายงานภาพถ่ายและจัดเก็บสินค้า')]</arg>
<doc>Verifies that element ``locator`` is found on the current page.</doc>
<msg timestamp="20230306 21:49:11.304" level="INFO">Current page contains element 'xpath=//span[contains(text(), 'รายงานภาพถ่ายและจัดเก็บสินค้า')]'.</msg>
<status status="PASS" starttime="20230306 21:49:11.297" endtime="20230306 21:49:11.304"/>
</kw>
<kw name="Click Element" library="SeleniumLibrary">
<arg>xpath=//span[contains(text(), 'รายงานภาพถ่ายและจัดเก็บสินค้า')]</arg>
<doc>Click the element identified by ``locator``.</doc>
<msg timestamp="20230306 21:49:11.305" level="INFO">Clicking element 'xpath=//span[contains(text(), 'รายงานภาพถ่ายและจัดเก็บสินค้า')]'.</msg>
<status status="PASS" starttime="20230306 21:49:11.304" endtime="20230306 21:49:11.367"/>
</kw>
<kw name="Sleep" library="BuiltIn">
<arg>1</arg>
<doc>Pauses the test executed for the given time.</doc>
<msg timestamp="20230306 21:49:12.369" level="INFO">Slept 1 second</msg>
<status status="PASS" starttime="20230306 21:49:11.368" endtime="20230306 21:49:12.370"/>
</kw>
<kw name="Wait Until Page Contains Element" library="SeleniumLibrary">
<arg>xpath=//div/li/a[contains(text(), 'รายงานการจัดเก็บสินค้า')]</arg>
<doc>Waits until the element ``locator`` appears on the current page.</doc>
<status status="PASS" starttime="20230306 21:49:12.370" endtime="20230306 21:49:12.395"/>
</kw>
<kw name="Page Should Contain Element" library="SeleniumLibrary">
<arg>xpath=//div/li/a[contains(text(), 'รายงานการจัดเก็บสินค้า')]</arg>
<doc>Verifies that element ``locator`` is found on the current page.</doc>
<msg timestamp="20230306 21:49:12.405" level="INFO">Current page contains element 'xpath=//div/li/a[contains(text(), 'รายงานการจัดเก็บสินค้า')]'.</msg>
<status status="PASS" starttime="20230306 21:49:12.395" endtime="20230306 21:49:12.405"/>
</kw>
<kw name="Click Element" library="SeleniumLibrary">
<arg>xpath=//div/li/a[contains(text(), 'รายงานการจัดเก็บสินค้า')]</arg>
<doc>Click the element identified by ``locator``.</doc>
<msg timestamp="20230306 21:49:12.405" level="INFO">Clicking element 'xpath=//div/li/a[contains(text(), 'รายงานการจัดเก็บสินค้า')]'.</msg>
<status status="PASS" starttime="20230306 21:49:12.405" endtime="20230306 21:49:14.166"/>
</kw>
<kw name="Sleep" library="BuiltIn">
<arg>1</arg>
<doc>Pauses the test executed for the given time.</doc>
<msg timestamp="20230306 21:49:15.167" level="INFO">Slept 1 second</msg>
<status status="PASS" starttime="20230306 21:49:14.166" endtime="20230306 21:49:15.167"/>
</kw>
<kw name="Scroll Element Into View" library="SeleniumLibrary">
<arg>xpath=//button[contains(text(), 'ค้นหา')]</arg>
<doc>Scrolls the element identified by ``locator`` into view.</doc>
<status status="PASS" starttime="20230306 21:49:15.167" endtime="20230306 21:49:15.554"/>
</kw>
<kw name="Wait Until Page Contains Element" library="SeleniumLibrary">
<arg>xpath=//select[@id="plant"]</arg>
<doc>Waits until the element ``locator`` appears on the current page.</doc>
<status status="PASS" starttime="20230306 21:49:15.554" endtime="20230306 21:49:15.567"/>
</kw>
<kw name="Page Should Contain Element" library="SeleniumLibrary">
<arg>xpath=//select[@id="plant"]</arg>
<doc>Verifies that element ``locator`` is found on the current page.</doc>
<msg timestamp="20230306 21:49:15.573" level="INFO">Current page contains element 'xpath=//select[@id="plant"]'.</msg>
<status status="PASS" starttime="20230306 21:49:15.567" endtime="20230306 21:49:15.573"/>
</kw>
<kw name="Click Element" library="SeleniumLibrary">
<arg>xpath=//select[@id="plant"]</arg>
<doc>Click the element identified by ``locator``.</doc>
<msg timestamp="20230306 21:49:15.573" level="INFO">Clicking element 'xpath=//select[@id="plant"]'.</msg>
<status status="PASS" starttime="20230306 21:49:15.573" endtime="20230306 21:49:15.665"/>
</kw>
<kw name="Wait Until Page Contains Element" library="SeleniumLibrary">
<arg>xpath=//option[@value='9902']</arg>
<doc>Waits until the element ``locator`` appears on the current page.</doc>
<status status="PASS" starttime="20230306 21:49:15.665" endtime="20230306 21:49:15.672"/>
</kw>
<kw name="Page Should Contain Element" library="SeleniumLibrary">
<arg>xpath=//option[@value='9902']</arg>
<doc>Verifies that element ``locator`` is found on the current page.</doc>
<msg timestamp="20230306 21:49:15.676" level="INFO">Current page contains element 'xpath=//option[@value='9902']'.</msg>
<status status="PASS" starttime="20230306 21:49:15.672" endtime="20230306 21:49:15.676"/>
</kw>
<kw name="Click Element" library="SeleniumLibrary">
<arg>xpath=//option[@value='9902']</arg>
<doc>Click the element identified by ``locator``.</doc>
<msg timestamp="20230306 21:49:15.676" level="INFO">Clicking element 'xpath=//option[@value='9902']'.</msg>
<status status="PASS" starttime="20230306 21:49:15.676" endtime="20230306 21:49:15.705"/>
</kw>
<kw name="Wait Until Page Contains Element" library="SeleniumLibrary">
<arg>xpath=//select[@id="type"]</arg>
<doc>Waits until the element ``locator`` appears on the current page.</doc>
<status status="PASS" starttime="20230306 21:49:15.705" endtime="20230306 21:49:15.711"/>
</kw>
<kw name="Page Should Contain Element" library="SeleniumLibrary">
<arg>xpath=//select[@id="type"]</arg>
<doc>Verifies that element ``locator`` is found on the current page.</doc>
<msg timestamp="20230306 21:49:15.715" level="INFO">Current page contains element 'xpath=//select[@id="type"]'.</msg>
<status status="PASS" starttime="20230306 21:49:15.711" endtime="20230306 21:49:15.715"/>
</kw>
<kw name="Click Element" library="SeleniumLibrary">
<arg>xpath=//select[@id="type"]</arg>
<doc>Click the element identified by ``locator``.</doc>
<msg timestamp="20230306 21:49:15.715" level="INFO">Clicking element 'xpath=//select[@id="type"]'.</msg>
<status status="PASS" starttime="20230306 21:49:15.715" endtime="20230306 21:49:16.019"/>
</kw>
<kw name="Wait Until Page Contains Element" library="SeleniumLibrary">
<arg>xpath=//option[@value='CCTV_Snapshot']</arg>
<doc>Waits until the element ``locator`` appears on the current page.</doc>
<status status="PASS" starttime="20230306 21:49:16.019" endtime="20230306 21:49:16.030"/>
</kw>
<kw name="Page Should Contain Element" library="SeleniumLibrary">
<arg>xpath=//option[@value='CCTV_Snapshot']</arg>
<doc>Verifies that element ``locator`` is found on the current page.</doc>
<msg timestamp="20230306 21:49:16.037" level="INFO">Current page contains element 'xpath=//option[@value='CCTV_Snapshot']'.</msg>
<status status="PASS" starttime="20230306 21:49:16.030" endtime="20230306 21:49:16.037"/>
</kw>
<kw name="Click Element" library="SeleniumLibrary">
<arg>xpath=//option[@value='CCTV_Snapshot']</arg>
<doc>Click the element identified by ``locator``.</doc>
<msg timestamp="20230306 21:49:16.037" level="INFO">Clicking element 'xpath=//option[@value='CCTV_Snapshot']'.</msg>
<status status="PASS" starttime="20230306 21:49:16.037" endtime="20230306 21:49:16.087"/>
</kw>
<kw name="Wait Until Page Contains Element" library="SeleniumLibrary">
<arg>xpath=//select[@id="zone"]</arg>
<doc>Waits until the element ``locator`` appears on the current page.</doc>
<status status="PASS" starttime="20230306 21:49:16.087" endtime="20230306 21:49:16.093"/>
</kw>
<kw name="Page Should Contain Element" library="SeleniumLibrary">
<arg>xpath=//select[@id="zone"]</arg>
<doc>Verifies that element ``locator`` is found on the current page.</doc>
<msg timestamp="20230306 21:49:16.110" level="INFO">Current page contains element 'xpath=//select[@id="zone"]'.</msg>
<status status="PASS" starttime="20230306 21:49:16.106" endtime="20230306 21:49:16.110"/>
</kw>
<kw name="Click Element" library="SeleniumLibrary">
<arg>xpath=//select[@id="zone"]</arg>
<doc>Click the element identified by ``locator``.</doc>
<msg timestamp="20230306 21:49:16.110" level="INFO">Clicking element 'xpath=//select[@id="zone"]'.</msg>
<status status="PASS" starttime="20230306 21:49:16.110" endtime="20230306 21:49:16.411"/>
</kw>
<kw name="Wait Until Page Contains Element" library="SeleniumLibrary">
<arg>xpath=//option[contains(text(), 'Yard')]</arg>
<doc>Waits until the element ``locator`` appears on the current page.</doc>
<status status="PASS" starttime="20230306 21:49:16.411" endtime="20230306 21:49:16.425"/>
</kw>
<kw name="Page Should Contain Element" library="SeleniumLibrary">
<arg>xpath=//option[contains(text(), 'Yard')]</arg>
<doc>Verifies that element ``locator`` is found on the current page.</doc>
<msg timestamp="20230306 21:49:16.431" level="INFO">Current page contains element 'xpath=//option[contains(text(), 'Yard')]'.</msg>
<status status="PASS" starttime="20230306 21:49:16.425" endtime="20230306 21:49:16.431"/>
</kw>
<kw name="Click Element" library="SeleniumLibrary">
<arg>xpath=//option[contains(text(), 'Yard')]</arg>
<doc>Click the element identified by ``locator``.</doc>
<msg timestamp="20230306 21:49:16.431" level="INFO">Clicking element 'xpath=//option[contains(text(), 'Yard')]'.</msg>
<status status="PASS" starttime="20230306 21:49:16.431" endtime="20230306 21:49:16.453"/>
</kw>
<kw name="Wait Until Page Contains Element" library="SeleniumLibrary">
<arg>xpath=//select[@id="cctv"]</arg>
<doc>Waits until the element ``locator`` appears on the current page.</doc>
<status status="PASS" starttime="20230306 21:49:16.453" endtime="20230306 21:49:16.466"/>
</kw>
<kw name="Page Should Contain Element" library="SeleniumLibrary">
<arg>xpath=//select[@id="cctv"]</arg>
<doc>Verifies that element ``locator`` is found on the current page.</doc>
<msg timestamp="20230306 21:49:16.471" level="INFO">Current page contains element 'xpath=//select[@id="cctv"]'.</msg>
<status status="PASS" starttime="20230306 21:49:16.466" endtime="20230306 21:49:16.471"/>
</kw>
<kw name="Click Element" library="SeleniumLibrary">
<arg>xpath=//select[@id="cctv"]</arg>
<doc>Click the element identified by ``locator``.</doc>
<msg timestamp="20230306 21:49:16.471" level="INFO">Clicking element 'xpath=//select[@id="cctv"]'.</msg>
<status status="PASS" starttime="20230306 21:49:16.471" endtime="20230306 21:49:16.818"/>
</kw>
<kw name="Wait Until Page Contains Element" library="SeleniumLibrary">
<arg>xpath=//option[contains(text(), 'FZ-Yard-01')]</arg>
<doc>Waits until the element ``locator`` appears on the current page.</doc>
<status status="PASS" starttime="20230306 21:49:16.818" endtime="20230306 21:49:16.837"/>
</kw>
<kw name="Page Should Contain Element" library="SeleniumLibrary">
<arg>xpath=//option[contains(text(), 'FZ-Yard-01')]</arg>
<doc>Verifies that element ``locator`` is found on the current page.</doc>
<msg timestamp="20230306 21:49:16.866" level="INFO">Current page contains element 'xpath=//option[contains(text(), 'FZ-Yard-01')]'.</msg>
<status status="PASS" starttime="20230306 21:49:16.837" endtime="20230306 21:49:16.867"/>
</kw>
<kw name="Click Element" library="SeleniumLibrary">
<arg>xpath=//option[contains(text(), 'FZ-Yard-01')]</arg>
<doc>Click the element identified by ``locator``.</doc>
<msg timestamp="20230306 21:49:16.867" level="INFO">Clicking element 'xpath=//option[contains(text(), 'FZ-Yard-01')]'.</msg>
<status status="PASS" starttime="20230306 21:49:16.867" endtime="20230306 21:49:17.006"/>
</kw>
<kw name="Wait Until Page Contains Element" library="SeleniumLibrary">
<arg>xpath=//div[@data-testid="date-start-picker"]/div/button[2]</arg>
<doc>Waits until the element ``locator`` appears on the current page.</doc>
<status status="PASS" starttime="20230306 21:49:17.006" endtime="20230306 21:49:17.023"/>
</kw>
<kw name="Page Should Contain Element" library="SeleniumLibrary">
<arg>xpath=//div[@data-testid="date-start-picker"]/div/button[2]</arg>
<doc>Verifies that element ``locator`` is found on the current page.</doc>
<msg timestamp="20230306 21:49:17.049" level="INFO">Current page contains element 'xpath=//div[@data-testid="date-start-picker"]/div/button[2]'.</msg>
<status status="PASS" starttime="20230306 21:49:17.023" endtime="20230306 21:49:17.049"/>
</kw>
<kw name="Click Element" library="SeleniumLibrary">
<arg>xpath=//div[@data-testid="date-start-picker"]/div/button[2]</arg>
<doc>Click the element identified by ``locator``.</doc>
<msg timestamp="20230306 21:49:17.049" level="INFO">Clicking element 'xpath=//div[@data-testid="date-start-picker"]/div/button[2]'.</msg>
<status status="PASS" starttime="20230306 21:49:17.049" endtime="20230306 21:49:18.100"/>
</kw>
<kw name="Sleep" library="BuiltIn">
<arg>1</arg>
<doc>Pauses the test executed for the given time.</doc>
<msg timestamp="20230306 21:49:19.103" level="INFO">Slept 1 second</msg>
<status status="PASS" starttime="20230306 21:49:18.100" endtime="20230306 21:49:19.103"/>
</kw>
<kw name="Wait Until Page Contains Element" library="SeleniumLibrary">
<arg>xpath=//div[@class="react-calendar"]/div/button[3]</arg>
<doc>Waits until the element ``locator`` appears on the current page.</doc>
<status status="PASS" starttime="20230306 21:49:19.104" endtime="20230306 21:49:19.125"/>
</kw>
<kw name="Page Should Contain Element" library="SeleniumLibrary">
<arg>xpath=//div[@class="react-calendar"]/div/button[3]</arg>
<doc>Verifies that element ``locator`` is found on the current page.</doc>
<msg timestamp="20230306 21:49:19.134" level="INFO">Current page contains element 'xpath=//div[@class="react-calendar"]/div/button[3]'.</msg>
<status status="PASS" starttime="20230306 21:49:19.125" endtime="20230306 21:49:19.134"/>
</kw>
<kw name="Click Element" library="SeleniumLibrary">
<arg>xpath=//div[@class="react-calendar"]/div/button[3]</arg>
<doc>Click the element identified by ``locator``.</doc>
<msg timestamp="20230306 21:49:19.134" level="INFO">Clicking element 'xpath=//div[@class="react-calendar"]/div/button[3]'.</msg>
<status status="PASS" starttime="20230306 21:49:19.134" endtime="20230306 21:49:19.268"/>
</kw>
<kw name="Sleep" library="BuiltIn">
<arg>1</arg>
<doc>Pauses the test executed for the given time.</doc>
<msg timestamp="20230306 21:49:20.270" level="INFO">Slept 1 second</msg>
<status status="PASS" starttime="20230306 21:49:19.268" endtime="20230306 21:49:20.270"/>
</kw>
<kw name="Wait Until Page Contains Element" library="SeleniumLibrary">
<arg>xpath=//div[@class="react-calendar"]/div/button[3]</arg>
<doc>Waits until the element ``locator`` appears on the current page.</doc>
<status status="PASS" starttime="20230306 21:49:20.271" endtime="20230306 21:49:20.285"/>
</kw>
<kw name="Page Should Contain Element" library="SeleniumLibrary">
<arg>xpath=//div[@class="react-calendar"]/div/button[3]</arg>
<doc>Verifies that element ``locator`` is found on the current page.</doc>
<msg timestamp="20230306 21:49:20.293" level="INFO">Current page contains element 'xpath=//div[@class="react-calendar"]/div/button[3]'.</msg>
<status status="PASS" starttime="20230306 21:49:20.285" endtime="20230306 21:49:20.293"/>
</kw>
<kw name="Click Element" library="SeleniumLibrary">
<arg>xpath=//div[@class="react-calendar"]/div/button[3]</arg>
<doc>Click the element identified by ``locator``.</doc>
<msg timestamp="20230306 21:49:20.294" level="INFO">Clicking element 'xpath=//div[@class="react-calendar"]/div/button[3]'.</msg>
<status status="PASS" starttime="20230306 21:49:20.294" endtime="20230306 21:49:20.339"/>
</kw>
<kw name="Sleep" library="BuiltIn">
<arg>1</arg>
<doc>Pauses the test executed for the given time.</doc>
<msg timestamp="20230306 21:49:21.340" level="INFO">Slept 1 second</msg>
<status status="PASS" starttime="20230306 21:49:20.339" endtime="20230306 21:49:21.341"/>
</kw>
<kw name="Wait Until Page Contains Element" library="SeleniumLibrary">
<arg>xpath=//div[@class="react-calendar__viewContainer"]/div/div/button[2]</arg>
<doc>Waits until the element ``locator`` appears on the current page.</doc>
<status status="PASS" starttime="20230306 21:49:21.342" endtime="20230306 21:49:21.363"/>
</kw>
<kw name="Page Should Contain Element" library="SeleniumLibrary">
<arg>xpath=//div[@class="react-calendar__viewContainer"]/div/div/button[2]</arg>
<doc>Verifies that element ``locator`` is found on the current page.</doc>
<msg timestamp="20230306 21:49:21.371" level="INFO">Current page contains element 'xpath=//div[@class="react-calendar__viewContainer"]/div/div/button[2]'.</msg>
<status status="PASS" starttime="20230306 21:49:21.363" endtime="20230306 21:49:21.371"/>
</kw>
<kw name="Click Element" library="SeleniumLibrary">
<arg>xpath=//div[@class="react-calendar__viewContainer"]/div/div/button[2]</arg>
<doc>Click the element identified by ``locator``.</doc>
<msg timestamp="20230306 21:49:21.372" level="INFO">Clicking element 'xpath=//div[@class="react-calendar__viewContainer"]/div/div/button[2]'.</msg>
<status status="PASS" starttime="20230306 21:49:21.371" endtime="20230306 21:49:21.429"/>
</kw>
<kw name="Sleep" library="BuiltIn">
<arg>1</arg>
<doc>Pauses the test executed for the given time.</doc>
<msg timestamp="20230306 21:49:22.432" level="INFO">Slept 1 second</msg>
<status status="PASS" starttime="20230306 21:49:21.429" endtime="20230306 21:49:22.432"/>
</kw>
<kw name="Wait Until Page Contains Element" library="SeleniumLibrary">
<arg>xpath=//div[@class="react-calendar__viewContainer"]/div/div/button[6]</arg>
<doc>Waits until the element ``locator`` appears on the current page.</doc>
<status status="PASS" starttime="20230306 21:49:22.433" endtime="20230306 21:49:22.454"/>
</kw>
<kw name="Page Should Contain Element" library="SeleniumLibrary">
<arg>xpath=//div[@class="react-calendar__viewContainer"]/div/div/button[6]</arg>
<doc>Verifies that element ``locator`` is found on the current page.</doc>
<msg timestamp="20230306 21:49:22.463" level="INFO">Current page contains element 'xpath=//div[@class="react-calendar__viewContainer"]/div/div/button[6]'.</msg>
<status status="PASS" starttime="20230306 21:49:22.455" endtime="20230306 21:49:22.464"/>
</kw>
<kw name="Click Element" library="SeleniumLibrary">
<arg>xpath=//div[@class="react-calendar__viewContainer"]/div/div/button[6]</arg>
<doc>Click the element identified by ``locator``.</doc>
<msg timestamp="20230306 21:49:22.464" level="INFO">Clicking element 'xpath=//div[@class="react-calendar__viewContainer"]/div/div/button[6]'.</msg>
<status status="PASS" starttime="20230306 21:49:22.464" endtime="20230306 21:49:22.631"/>
</kw>
<kw name="Sleep" library="BuiltIn">
<arg>1</arg>
<doc>Pauses the test executed for the given time.</doc>
<msg timestamp="20230306 21:49:23.632" level="INFO">Slept 1 second</msg>
<status status="PASS" starttime="20230306 21:49:22.631" endtime="20230306 21:49:23.633"/>
</kw>
<kw name="Wait Until Page Contains Element" library="SeleniumLibrary">
<arg>xpath=//div[@class="react-calendar__month-view"]/div/div/div[2]/button[3]</arg>
<doc>Waits until the element ``locator`` appears on the current page.</doc>
<status status="PASS" starttime="20230306 21:49:23.634" endtime="20230306 21:49:23.658"/>
</kw>
<kw name="Page Should Contain Element" library="SeleniumLibrary">
<arg>xpath=//div[@class="react-calendar__month-view"]/div/div/div[2]/button[3]</arg>
<doc>Verifies that element ``locator`` is found on the current page.</doc>
<msg timestamp="20230306 21:49:23.681" level="INFO">Current page contains element 'xpath=//div[@class="react-calendar__month-view"]/div/div/div[2]/button[3]'.</msg>
<status status="PASS" starttime="20230306 21:49:23.658" endtime="20230306 21:49:23.681"/>
</kw>
<kw name="Click Element" library="SeleniumLibrary">
<arg>xpath=//div[@class="react-calendar__month-view"]/div/div/div[2]/button[3]</arg>
<doc>Click the element identified by ``locator``.</doc>
<msg timestamp="20230306 21:49:23.681" level="INFO">Clicking element 'xpath=//div[@class="react-calendar__month-view"]/div/div/div[2]/button[3]'.</msg>
<status status="PASS" starttime="20230306 21:49:23.681" endtime="20230306 21:49:23.801"/>
</kw>
<kw name="Wait Until Page Contains Element" library="SeleniumLibrary">
<arg>xpath=//button[contains(text(), 'ค้นหา')]</arg>
<doc>Waits until the element ``locator`` appears on the current page.</doc>
<status status="PASS" starttime="20230306 21:49:23.801" endtime="20230306 21:49:23.806"/>
</kw>
<kw name="Page Should Contain Element" library="SeleniumLibrary">
<arg>xpath=//button[contains(text(), 'ค้นหา')]</arg>
<doc>Verifies that element ``locator`` is found on the current page.</doc>
<msg timestamp="20230306 21:49:23.810" level="INFO">Current page contains element 'xpath=//button[contains(text(), 'ค้นหา')]'.</msg>
<status status="PASS" starttime="20230306 21:49:23.806" endtime="20230306 21:49:23.810"/>
</kw>
<kw name="Click Element" library="SeleniumLibrary">
<arg>xpath=//button[contains(text(), 'ค้นหา')]</arg>
<doc>Click the element identified by ``locator``.</doc>
<msg timestamp="20230306 21:49:23.810" level="INFO">Clicking element 'xpath=//button[contains(text(), 'ค้นหา')]'.</msg>
<status status="PASS" starttime="20230306 21:49:23.810" endtime="20230306 21:49:23.944"/>
</kw>
<kw name="Sleep" library="BuiltIn">
<arg>3</arg>
<doc>Pauses the test executed for the given time.</doc>
<msg timestamp="20230306 21:49:26.945" level="INFO">Slept 3 seconds</msg>
<status status="PASS" starttime="20230306 21:49:23.944" endtime="20230306 21:49:26.946"/>
</kw>
<kw name="Scroll Element Into View" library="SeleniumLibrary">
<arg>xpath=//div[@data-testid="pageNavigation-display"]</arg>
<doc>Scrolls the element identified by ``locator`` into view.</doc>
<status status="PASS" starttime="20230306 21:49:26.946" endtime="20230306 21:49:27.247"/>
</kw>
<kw name="Sleep" library="BuiltIn">
<arg>2</arg>
<doc>Pauses the test executed for the given time.</doc>
<msg timestamp="20230306 21:49:29.248" level="INFO">Slept 2 seconds</msg>
<status status="PASS" starttime="20230306 21:49:27.247" endtime="20230306 21:49:29.248"/>
</kw>
<kw name="Wait Until Page Contains Element" library="SeleniumLibrary">
<arg>xpath=//div[@class="grid grid-cols-12"]/div</arg>
<doc>Waits until the element ``locator`` appears on the current page.</doc>
<status status="PASS" starttime="20230306 21:49:29.248" endtime="20230306 21:49:29.261"/>
</kw>
<kw name="Page Should Contain Element" library="SeleniumLibrary">
<arg>xpath=//div[@class="grid grid-cols-12"]/div</arg>
<doc>Verifies that element ``locator`` is found on the current page.</doc>
<msg timestamp="20230306 21:49:29.285" level="INFO">Current page contains element 'xpath=//div[@class="grid grid-cols-12"]/div'.</msg>
<status status="PASS" starttime="20230306 21:49:29.262" endtime="20230306 21:49:29.285"/>
</kw>
<kw name="Get Element Count" library="SeleniumLibrary">
<var>${element_1}</var>
<arg>xpath=//div[@class="grid grid-cols-12"]/div</arg>
<doc>Returns the number of elements matching ``locator``.</doc>
<msg timestamp="20230306 21:49:29.430" level="INFO">${element_1} = 8</msg>
<status status="PASS" starttime="20230306 21:49:29.286" endtime="20230306 21:49:29.430"/>
</kw>
<kw name="Log" library="BuiltIn">
<arg>Check Element: 'Pic' ${element_1}</arg>
<arg>console=yes</arg>
<doc>Logs the given message with the given level.</doc>
<msg timestamp="20230306 21:49:29.430" level="INFO">Check Element: 'Pic' 8</msg>
<status status="PASS" starttime="20230306 21:49:29.430" endtime="20230306 21:49:29.430"/>
</kw>
<kw name="Sleep" library="BuiltIn">
<arg>1</arg>
<doc>Pauses the test executed for the given time.</doc>
<msg timestamp="20230306 21:49:30.431" level="INFO">Slept 1 second</msg>
<status status="PASS" starttime="20230306 21:49:29.430" endtime="20230306 21:49:30.431"/>
</kw>
<kw name="Capture Page Screenshot" library="SeleniumLibrary">
<arg>picture.png</arg>
<doc>Takes a screenshot of the current page and embeds it into a log file.</doc>
<msg timestamp="20230306 21:49:30.821" level="INFO" html="true">&lt;/td&gt;&lt;/tr&gt;&lt;tr&gt;&lt;td colspan="3"&gt;&lt;a href="picture.png"&gt;&lt;img src="picture.png" width="800px"&gt;&lt;/a&gt;</msg>
<status status="PASS" starttime="20230306 21:49:30.432" endtime="20230306 21:49:30.821"/>
</kw>
<kw name="Sleep" library="BuiltIn">
<arg>1</arg>
<doc>Pauses the test executed for the given time.</doc>
<msg timestamp="20230306 21:49:31.824" level="INFO">Slept 1 second</msg>
<status status="PASS" starttime="20230306 21:49:30.821" endtime="20230306 21:49:31.825"/>
</kw>
<kw name="Wait Until Page Contains Element" library="SeleniumLibrary">
<arg>xpath=//button[contains(text(), 'ล้างทั้งหมด')]</arg>
<doc>Waits until the element ``locator`` appears on the current page.</doc>
<status status="PASS" starttime="20230306 21:49:31.825" endtime="20230306 21:49:31.848"/>
</kw>
<kw name="Page Should Contain Element" library="SeleniumLibrary">
<arg>xpath=//button[contains(text(), 'ล้างทั้งหมด')]</arg>
<doc>Verifies that element ``locator`` is found on the current page.</doc>
<msg timestamp="20230306 21:49:31.857" level="INFO">Current page contains element 'xpath=//button[contains(text(), 'ล้างทั้งหมด')]'.</msg>
<status status="PASS" starttime="20230306 21:49:31.848" endtime="20230306 21:49:31.857"/>
</kw>
<kw name="Click Element" library="SeleniumLibrary">
<arg>xpath=//button[contains(text(), 'ล้างทั้งหมด')]</arg>
<doc>Click the element identified by ``locator``.</doc>
<msg timestamp="20230306 21:49:31.857" level="INFO">Clicking element 'xpath=//button[contains(text(), 'ล้างทั้งหมด')]'.</msg>
<status status="PASS" starttime="20230306 21:49:31.857" endtime="20230306 21:49:31.990"/>
</kw>
<status status="PASS" starttime="20230306 21:49:09.254" endtime="20230306 21:49:31.990"/>
</kw>
<kw name="Tab 2 Menu 2">
<kw name="Sleep" library="BuiltIn">
<arg>2</arg>
<doc>Pauses the test executed for the given time.</doc>
<msg timestamp="20230306 21:49:33.992" level="INFO">Slept 2 seconds</msg>
<status status="PASS" starttime="20230306 21:49:31.991" endtime="20230306 21:49:33.992"/>
</kw>
<kw name="Wait Until Page Contains Element" library="SeleniumLibrary">
<arg>xpath=//span[contains(text(), 'รายงานภาพถ่ายและจัดเก็บสินค้า')]</arg>
<doc>Waits until the element ``locator`` appears on the current page.</doc>
<status status="PASS" starttime="20230306 21:49:33.993" endtime="20230306 21:49:34.023"/>
</kw>
<kw name="Page Should Contain Element" library="SeleniumLibrary">
<arg>xpath=//span[contains(text(), 'รายงานภาพถ่ายและจัดเก็บสินค้า')]</arg>
<doc>Verifies that element ``locator`` is found on the current page.</doc>
<msg timestamp="20230306 21:49:34.031" level="INFO">Current page contains element 'xpath=//span[contains(text(), 'รายงานภาพถ่ายและจัดเก็บสินค้า')]'.</msg>
<status status="PASS" starttime="20230306 21:49:34.023" endtime="20230306 21:49:34.031"/>
</kw>
<kw name="Click Element" library="SeleniumLibrary">
<arg>xpath=//span[contains(text(), 'รายงานภาพถ่ายและจัดเก็บสินค้า')]</arg>
<doc>Click the element identified by ``locator``.</doc>
<msg timestamp="20230306 21:49:34.031" level="INFO">Clicking element 'xpath=//span[contains(text(), 'รายงานภาพถ่ายและจัดเก็บสินค้า')]'.</msg>
<status status="PASS" starttime="20230306 21:49:34.031" endtime="20230306 21:49:34.060"/>
</kw>
<kw name="Sleep" library="BuiltIn">
<arg>1</arg>
<doc>Pauses the test executed for the given time.</doc>
<msg timestamp="20230306 21:49:35.061" level="INFO">Slept 1 second</msg>
<status status="PASS" starttime="20230306 21:49:34.060" endtime="20230306 21:49:35.062"/>
</kw>
<kw name="Wait Until Page Contains Element" library="SeleniumLibrary">
<arg>xpath=//div/li/a[contains(text(), 'รายงานภาพตามพื้นที่')]</arg>
<doc>Waits until the element ``locator`` appears on the current page.</doc>
<status status="PASS" starttime="20230306 21:49:35.062" endtime="20230306 21:49:35.085"/>
</kw>
<kw name="Page Should Contain Element" library="SeleniumLibrary">
<arg>xpath=//div/li/a[contains(text(), 'รายงานภาพตามพื้นที่')]</arg>
<doc>Verifies that element ``locator`` is found on the current page.</doc>
<msg timestamp="20230306 21:49:35.095" level="INFO">Current page contains element 'xpath=//div/li/a[contains(text(), 'รายงานภาพตามพื้นที่')]'.</msg>
<status status="PASS" starttime="20230306 21:49:35.085" endtime="20230306 21:49:35.095"/>
</kw>
<kw name="Click Element" library="SeleniumLibrary">
<arg>xpath=//div/li/a[contains(text(), 'รายงานภาพตามพื้นที่')]</arg>
<doc>Click the element identified by ``locator``.</doc>
<msg timestamp="20230306 21:49:35.095" level="INFO">Clicking element 'xpath=//div/li/a[contains(text(), 'รายงานภาพตามพื้นที่')]'.</msg>
<status status="PASS" starttime="20230306 21:49:35.095" endtime="20230306 21:49:35.272"/>
</kw>
<kw name="Sleep" library="BuiltIn">
<arg>1</arg>
<doc>Pauses the test executed for the given time.</doc>
<msg timestamp="20230306 21:49:36.272" level="INFO">Slept 1 second</msg>
<status status="PASS" starttime="20230306 21:49:35.272" endtime="20230306 21:49:36.272"/>
</kw>
<kw name="Scroll Element Into View" library="SeleniumLibrary">
<arg>xpath=//button[contains(text(), 'ค้นหา')]</arg>
<doc>Scrolls the element identified by ``locator`` into view.</doc>
<status status="PASS" starttime="20230306 21:49:36.273" endtime="20230306 21:49:36.559"/>
</kw>
<kw name="Wait Until Page Contains Element" library="SeleniumLibrary">
<arg>xpath=//select[@id="plant"]</arg>
<doc>Waits until the element ``locator`` appears on the current page.</doc>
<status status="PASS" starttime="20230306 21:49:36.560" endtime="20230306 21:49:36.571"/>
</kw>
<kw name="Page Should Contain Element" library="SeleniumLibrary">
<arg>xpath=//select[@id="plant"]</arg>
<doc>Verifies that element ``locator`` is found on the current page.</doc>
<msg timestamp="20230306 21:49:36.578" level="INFO">Current page contains element 'xpath=//select[@id="plant"]'.</msg>
<status status="PASS" starttime="20230306 21:49:36.571" endtime="20230306 21:49:36.578"/>
</kw>
<kw name="Click Element" library="SeleniumLibrary">
<arg>xpath=//select[@id="plant"]</arg>
<doc>Click the element identified by ``locator``.</doc>
<msg timestamp="20230306 21:49:36.578" level="INFO">Clicking element 'xpath=//select[@id="plant"]'.</msg>
<status status="PASS" starttime="20230306 21:49:36.578" endtime="20230306 21:49:36.630"/>
</kw>
<kw name="Wait Until Page Contains Element" library="SeleniumLibrary">
<arg>xpath=//option[@value='9902']</arg>
<doc>Waits until the element ``locator`` appears on the current page.</doc>
<status status="PASS" starttime="20230306 21:49:36.630" endtime="20230306 21:49:36.635"/>
</kw>
<kw name="Page Should Contain Element" library="SeleniumLibrary">
<arg>xpath=//option[@value='9902']</arg>
<doc>Verifies that element ``locator`` is found on the current page.</doc>
<msg timestamp="20230306 21:49:36.639" level="INFO">Current page contains element 'xpath=//option[@value='9902']'.</msg>
<status status="PASS" starttime="20230306 21:49:36.635" endtime="20230306 21:49:36.639"/>
</kw>
<kw name="Click Element" library="SeleniumLibrary">
<arg>xpath=//option[@value='9902']</arg>
<doc>Click the element identified by ``locator``.</doc>
<msg timestamp="20230306 21:49:36.639" level="INFO">Clicking element 'xpath=//option[@value='9902']'.</msg>
<status status="PASS" starttime="20230306 21:49:36.639" endtime="20230306 21:49:36.655"/>
</kw>
<kw name="Wait Until Page Contains Element" library="SeleniumLibrary">
<arg>xpath=//select[@id="type"]</arg>
<doc>Waits until the element ``locator`` appears on the current page.</doc>
<status status="PASS" starttime="20230306 21:49:36.655" endtime="20230306 21:49:36.659"/>
</kw>
<kw name="Page Should Contain Element" library="SeleniumLibrary">
<arg>xpath=//select[@id="type"]</arg>
<doc>Verifies that element ``locator`` is found on the current page.</doc>
<msg timestamp="20230306 21:49:36.663" level="INFO">Current page contains element 'xpath=//select[@id="type"]'.</msg>
<status status="PASS" starttime="20230306 21:49:36.659" endtime="20230306 21:49:36.663"/>
</kw>
<kw name="Click Element" library="SeleniumLibrary">
<arg>xpath=//select[@id="type"]</arg>
<doc>Click the element identified by ``locator``.</doc>
<msg timestamp="20230306 21:49:36.663" level="INFO">Clicking element 'xpath=//select[@id="type"]'.</msg>
<status status="PASS" starttime="20230306 21:49:36.663" endtime="20230306 21:49:37.098"/>
</kw>
<kw name="Wait Until Page Contains Element" library="SeleniumLibrary">
<arg>xpath=//option[@value='CCTV_Snapshot']</arg>
<doc>Waits until the element ``locator`` appears on the current page.</doc>
<status status="PASS" starttime="20230306 21:49:37.098" endtime="20230306 21:49:37.106"/>
</kw>
<kw name="Page Should Contain Element" library="SeleniumLibrary">
<arg>xpath=//option[@value='CCTV_Snapshot']</arg>
<doc>Verifies that element ``locator`` is found on the current page.</doc>
<msg timestamp="20230306 21:49:37.112" level="INFO">Current page contains element 'xpath=//option[@value='CCTV_Snapshot']'.</msg>
<status status="PASS" starttime="20230306 21:49:37.106" endtime="20230306 21:49:37.112"/>
</kw>
<kw name="Click Element" library="SeleniumLibrary">
<arg>xpath=//option[@value='CCTV_Snapshot']</arg>
<doc>Click the element identified by ``locator``.</doc>
<msg timestamp="20230306 21:49:37.112" level="INFO">Clicking element 'xpath=//option[@value='CCTV_Snapshot']'.</msg>
<status status="PASS" starttime="20230306 21:49:37.112" endtime="20230306 21:49:37.135"/>
</kw>
<kw name="Wait Until Page Contains Element" library="SeleniumLibrary">
<arg>xpath=//select[@id="zone"]</arg>
<doc>Waits until the element ``locator`` appears on the current page.</doc>
<status status="PASS" starttime="20230306 21:49:37.135" endtime="20230306 21:49:37.139"/>
</kw>
<kw name="Page Should Contain Element" library="SeleniumLibrary">
<arg>xpath=//select[@id="zone"]</arg>
<doc>Verifies that element ``locator`` is found on the current page.</doc>
<msg timestamp="20230306 21:49:37.143" level="INFO">Current page contains element 'xpath=//select[@id="zone"]'.</msg>
<status status="PASS" starttime="20230306 21:49:37.140" endtime="20230306 21:49:37.143"/>
</kw>
<kw name="Click Element" library="SeleniumLibrary">
<arg>xpath=//select[@id="zone"]</arg>
<doc>Click the element identified by ``locator``.</doc>
<msg timestamp="20230306 21:49:37.143" level="INFO">Clicking element 'xpath=//select[@id="zone"]'.</msg>
<status status="PASS" starttime="20230306 21:49:37.143" endtime="20230306 21:49:37.441"/>
</kw>
<kw name="Wait Until Page Contains Element" library="SeleniumLibrary">
<arg>xpath=//option[contains(text(), 'Ground')]</arg>
<doc>Waits until the element ``locator`` appears on the current page.</doc>
<status status="PASS" starttime="20230306 21:49:37.441" endtime="20230306 21:49:37.452"/>
</kw>
<kw name="Page Should Contain Element" library="SeleniumLibrary">
<arg>xpath=//option[contains(text(), 'Ground')]</arg>
<doc>Verifies that element ``locator`` is found on the current page.</doc>
<msg timestamp="20230306 21:49:37.457" level="INFO">Current page contains element 'xpath=//option[contains(text(), 'Ground')]'.</msg>
<status status="PASS" starttime="20230306 21:49:37.452" endtime="20230306 21:49:37.457"/>
</kw>
<kw name="Click Element" library="SeleniumLibrary">
<arg>xpath=//option[contains(text(), 'Ground')]</arg>
<doc>Click the element identified by ``locator``.</doc>
<msg timestamp="20230306 21:49:37.457" level="INFO">Clicking element 'xpath=//option[contains(text(), 'Ground')]'.</msg>
<status status="PASS" starttime="20230306 21:49:37.457" endtime="20230306 21:49:37.811"/>
</kw>
<kw name="Wait Until Page Contains Element" library="SeleniumLibrary">
<arg>xpath=//select[@id="cctv"]</arg>
<doc>Waits until the element ``locator`` appears on the current page.</doc>
<status status="PASS" starttime="20230306 21:49:37.812" endtime="20230306 21:49:37.819"/>
</kw>
<kw name="Page Should Contain Element" library="SeleniumLibrary">
<arg>xpath=//select[@id="cctv"]</arg>
<doc>Verifies that element ``locator`` is found on the current page.</doc>
<msg timestamp="20230306 21:49:37.824" level="INFO">Current page contains element 'xpath=//select[@id="cctv"]'.</msg>
<status status="PASS" starttime="20230306 21:49:37.819" endtime="20230306 21:49:37.824"/>
</kw>
<kw name="Click Element" library="SeleniumLibrary">
<arg>xpath=//select[@id="cctv"]</arg>
<doc>Click the element identified by ``locator``.</doc>
<msg timestamp="20230306 21:49:37.824" level="INFO">Clicking element 'xpath=//select[@id="cctv"]'.</msg>
<status status="PASS" starttime="20230306 21:49:37.824" endtime="20230306 21:49:38.128"/>
</kw>
<kw name="Wait Until Page Contains Element" library="SeleniumLibrary">
<arg>xpath=//option[contains(text(), 'FZ-Entrance-02')]</arg>
<doc>Waits until the element ``locator`` appears on the current page.</doc>
<status status="PASS" starttime="20230306 21:49:38.128" endtime="20230306 21:49:38.138"/>
</kw>
<kw name="Page Should Contain Element" library="SeleniumLibrary">
<arg>xpath=//option[contains(text(), 'FZ-Entrance-02')]</arg>
<doc>Verifies that element ``locator`` is found on the current page.</doc>
<msg timestamp="20230306 21:49:38.144" level="INFO">Current page contains element 'xpath=//option[contains(text(), 'FZ-Entrance-02')]'.</msg>
<status status="PASS" starttime="20230306 21:49:38.138" endtime="20230306 21:49:38.144"/>
</kw>
<kw name="Click Element" library="SeleniumLibrary">
<arg>xpath=//option[contains(text(), 'FZ-Entrance-02')]</arg>
<doc>Click the element identified by ``locator``.</doc>
<msg timestamp="20230306 21:49:38.144" level="INFO">Clicking element 'xpath=//option[contains(text(), 'FZ-Entrance-02')]'.</msg>
<status status="PASS" starttime="20230306 21:49:38.144" endtime="20230306 21:49:38.165"/>
</kw>
<kw name="Wait Until Page Contains Element" library="SeleniumLibrary">
<arg>xpath=//div[@data-testid="date-start-picker"]/div/button[2]</arg>
<doc>Waits until the element ``locator`` appears on the current page.</doc>
<status status="PASS" starttime="20230306 21:49:38.165" endtime="20230306 21:49:38.170"/>
</kw>
<kw name="Page Should Contain Element" library="SeleniumLibrary">
<arg>xpath=//div[@data-testid="date-start-picker"]/div/button[2]</arg>
<doc>Verifies that element ``locator`` is found on the current page.</doc>
<msg timestamp="20230306 21:49:38.173" level="INFO">Current page contains element 'xpath=//div[@data-testid="date-start-picker"]/div/button[2]'.</msg>
<status status="PASS" starttime="20230306 21:49:38.170" endtime="20230306 21:49:38.173"/>
</kw>
<kw name="Click Element" library="SeleniumLibrary">
<arg>xpath=//div[@data-testid="date-start-picker"]/div/button[2]</arg>
<doc>Click the element identified by ``locator``.</doc>
<msg timestamp="20230306 21:49:38.173" level="INFO">Clicking element 'xpath=//div[@data-testid="date-start-picker"]/div/button[2]'.</msg>
<status status="PASS" starttime="20230306 21:49:38.173" endtime="20230306 21:49:38.445"/>
</kw>
<kw name="Sleep" library="BuiltIn">
<arg>1</arg>
<doc>Pauses the test executed for the given time.</doc>
<msg timestamp="20230306 21:49:39.447" level="INFO">Slept 1 second</msg>
<status status="PASS" starttime="20230306 21:49:38.446" endtime="20230306 21:49:39.448"/>
</kw>
<kw name="Wait Until Page Contains Element" library="SeleniumLibrary">
<arg>xpath=//div[@class="react-calendar"]/div/button[3]</arg>
<doc>Waits until the element ``locator`` appears on the current page.</doc>
<status status="PASS" starttime="20230306 21:49:39.448" endtime="20230306 21:49:39.464"/>
</kw>
<kw name="Page Should Contain Element" library="SeleniumLibrary">
<arg>xpath=//div[@class="react-calendar"]/div/button[3]</arg>
<doc>Verifies that element ``locator`` is found on the current page.</doc>
<msg timestamp="20230306 21:49:39.473" level="INFO">Current page contains element 'xpath=//div[@class="react-calendar"]/div/button[3]'.</msg>
<status status="PASS" starttime="20230306 21:49:39.465" endtime="20230306 21:49:39.473"/>
</kw>
<kw name="Click Element" library="SeleniumLibrary">
<arg>xpath=//div[@class="react-calendar"]/div/button[3]</arg>
<doc>Click the element identified by ``locator``.</doc>
<msg timestamp="20230306 21:49:39.473" level="INFO">Clicking element 'xpath=//div[@class="react-calendar"]/div/button[3]'.</msg>
<status status="PASS" starttime="20230306 21:49:39.473" endtime="20230306 21:49:39.520"/>
</kw>
<kw name="Sleep" library="BuiltIn">
<arg>1</arg>
<doc>Pauses the test executed for the given time.</doc>
<msg timestamp="20230306 21:49:40.523" level="INFO">Slept 1 second</msg>
<status status="PASS" starttime="20230306 21:49:39.521" endtime="20230306 21:49:40.523"/>
</kw>
<kw name="Wait Until Page Contains Element" library="SeleniumLibrary">
<arg>xpath=//div[@class="react-calendar"]/div/button[3]</arg>
<doc>Waits until the element ``locator`` appears on the current page.</doc>
<status status="PASS" starttime="20230306 21:49:40.523" endtime="20230306 21:49:40.583"/>
</kw>
<kw name="Page Should Contain Element" library="SeleniumLibrary">
<arg>xpath=//div[@class="react-calendar"]/div/button[3]</arg>
<doc>Verifies that element ``locator`` is found on the current page.</doc>
<msg timestamp="20230306 21:49:40.587" level="INFO">Current page contains element 'xpath=//div[@class="react-calendar"]/div/button[3]'.</msg>
<status status="PASS" starttime="20230306 21:49:40.583" endtime="20230306 21:49:40.587"/>
</kw>
<kw name="Click Element" library="SeleniumLibrary">
<arg>xpath=//div[@class="react-calendar"]/div/button[3]</arg>
<doc>Click the element identified by ``locator``.</doc>
<msg timestamp="20230306 21:49:40.587" level="INFO">Clicking element 'xpath=//div[@class="react-calendar"]/div/button[3]'.</msg>
<status status="PASS" starttime="20230306 21:49:40.587" endtime="20230306 21:49:40.609"/>
</kw>
<kw name="Sleep" library="BuiltIn">
<arg>1</arg>
<doc>Pauses the test executed for the given time.</doc>
<msg timestamp="20230306 21:49:41.610" level="INFO">Slept 1 second</msg>
<status status="PASS" starttime="20230306 21:49:40.609" endtime="20230306 21:49:41.611"/>
</kw>
<kw name="Wait Until Page Contains Element" library="SeleniumLibrary">
<arg>xpath=//div[@class="react-calendar__viewContainer"]/div/div/button[2]</arg>
<doc>Waits until the element ``locator`` appears on the current page.</doc>
<status status="PASS" starttime="20230306 21:49:41.612" endtime="20230306 21:49:41.626"/>
</kw>
<kw name="Page Should Contain Element" library="SeleniumLibrary">
<arg>xpath=//div[@class="react-calendar__viewContainer"]/div/div/button[2]</arg>
<doc>Verifies that element ``locator`` is found on the current page.</doc>
<msg timestamp="20230306 21:49:41.634" level="INFO">Current page contains element 'xpath=//div[@class="react-calendar__viewContainer"]/div/div/button[2]'.</msg>
<status status="PASS" starttime="20230306 21:49:41.626" endtime="20230306 21:49:41.634"/>
</kw>
<kw name="Click Element" library="SeleniumLibrary">
<arg>xpath=//div[@class="react-calendar__viewContainer"]/div/div/button[2]</arg>
<doc>Click the element identified by ``locator``.</doc>
<msg timestamp="20230306 21:49:41.635" level="INFO">Clicking element 'xpath=//div[@class="react-calendar__viewContainer"]/div/div/button[2]'.</msg>
<status status="PASS" starttime="20230306 21:49:41.634" endtime="20230306 21:49:41.750"/>
</kw>
<kw name="Sleep" library="BuiltIn">
<arg>1</arg>
<doc>Pauses the test executed for the given time.</doc>
<msg timestamp="20230306 21:49:42.752" level="INFO">Slept 1 second</msg>
<status status="PASS" starttime="20230306 21:49:41.750" endtime="20230306 21:49:42.753"/>
</kw>
<kw name="Wait Until Page Contains Element" library="SeleniumLibrary">
<arg>xpath=//div[@class="react-calendar__viewContainer"]/div/div/button[6]</arg>
<doc>Waits until the element ``locator`` appears on the current page.</doc>
<status status="PASS" starttime="20230306 21:49:42.753" endtime="20230306 21:49:42.769"/>
</kw>
<kw name="Page Should Contain Element" library="SeleniumLibrary">
<arg>xpath=//div[@class="react-calendar__viewContainer"]/div/div/button[6]</arg>
<doc>Verifies that element ``locator`` is found on the current page.</doc>
<msg timestamp="20230306 21:49:42.777" level="INFO">Current page contains element 'xpath=//div[@class="react-calendar__viewContainer"]/div/div/button[6]'.</msg>
<status status="PASS" starttime="20230306 21:49:42.769" endtime="20230306 21:49:42.777"/>
</kw>
<kw name="Click Element" library="SeleniumLibrary">
<arg>xpath=//div[@class="react-calendar__viewContainer"]/div/div/button[6]</arg>
<doc>Click the element identified by ``locator``.</doc>
<msg timestamp="20230306 21:49:42.777" level="INFO">Clicking element 'xpath=//div[@class="react-calendar__viewContainer"]/div/div/button[6]'.</msg>
<status status="PASS" starttime="20230306 21:49:42.777" endtime="20230306 21:49:42.869"/>
</kw>
<kw name="Sleep" library="BuiltIn">
<arg>1</arg>
<doc>Pauses the test executed for the given time.</doc>
<msg timestamp="20230306 21:49:43.870" level="INFO">Slept 1 second</msg>
<status status="PASS" starttime="20230306 21:49:42.869" endtime="20230306 21:49:43.871"/>
</kw>
<kw name="Wait Until Page Contains Element" library="SeleniumLibrary">
<arg>xpath=//div[@class="react-calendar__month-view"]/div/div/div[2]/button[3]</arg>
<doc>Waits until the element ``locator`` appears on the current page.</doc>
<status status="PASS" starttime="20230306 21:49:43.871" endtime="20230306 21:49:43.888"/>
</kw>
<kw name="Page Should Contain Element" library="SeleniumLibrary">
<arg>xpath=//div[@class="react-calendar__month-view"]/div/div/div[2]/button[3]</arg>
<doc>Verifies that element ``locator`` is found on the current page.</doc>
<msg timestamp="20230306 21:49:43.897" level="INFO">Current page contains element 'xpath=//div[@class="react-calendar__month-view"]/div/div/div[2]/button[3]'.</msg>
<status status="PASS" starttime="20230306 21:49:43.889" endtime="20230306 21:49:43.897"/>
</kw>
<kw name="Click Element" library="SeleniumLibrary">
<arg>xpath=//div[@class="react-calendar__month-view"]/div/div/div[2]/button[3]</arg>
<doc>Click the element identified by ``locator``.</doc>
<msg timestamp="20230306 21:49:43.897" level="INFO">Clicking element 'xpath=//div[@class="react-calendar__month-view"]/div/div/div[2]/button[3]'.</msg>
<status status="PASS" starttime="20230306 21:49:43.897" endtime="20230306 21:49:44.067"/>
</kw>
<kw name="Wait Until Page Contains Element" library="SeleniumLibrary">
<arg>xpath=//button[contains(text(), 'ค้นหา')]</arg>
<doc>Waits until the element ``locator`` appears on the current page.</doc>
<status status="PASS" starttime="20230306 21:49:44.067" endtime="20230306 21:49:44.075"/>
</kw>
<kw name="Page Should Contain Element" library="SeleniumLibrary">
<arg>xpath=//button[contains(text(), 'ค้นหา')]</arg>
<doc>Verifies that element ``locator`` is found on the current page.</doc>
<msg timestamp="20230306 21:49:44.079" level="INFO">Current page contains element 'xpath=//button[contains(text(), 'ค้นหา')]'.</msg>
<status status="PASS" starttime="20230306 21:49:44.075" endtime="20230306 21:49:44.079"/>
</kw>
<kw name="Click Element" library="SeleniumLibrary">
<arg>xpath=//button[contains(text(), 'ค้นหา')]</arg>
<doc>Click the element identified by ``locator``.</doc>
<msg timestamp="20230306 21:49:44.079" level="INFO">Clicking element 'xpath=//button[contains(text(), 'ค้นหา')]'.</msg>
<status status="PASS" starttime="20230306 21:49:44.079" endtime="20230306 21:49:44.122"/>
</kw>
<kw name="Sleep" library="BuiltIn">
<arg>3</arg>
<doc>Pauses the test executed for the given time.</doc>
<msg timestamp="20230306 21:49:47.123" level="INFO">Slept 3 seconds</msg>
<status status="PASS" starttime="20230306 21:49:44.122" endtime="20230306 21:49:47.123"/>
</kw>
<kw name="Scroll Element Into View" library="SeleniumLibrary">
<arg>xpath=//div[@data-testid="pageNavigation-display"]</arg>
<doc>Scrolls the element identified by ``locator`` into view.</doc>
<status status="PASS" starttime="20230306 21:49:47.124" endtime="20230306 21:49:47.410"/>
</kw>
<kw name="Sleep" library="BuiltIn">
<arg>2</arg>
<doc>Pauses the test executed for the given time.</doc>
<msg timestamp="20230306 21:49:49.412" level="INFO">Slept 2 seconds</msg>
<status status="PASS" starttime="20230306 21:49:47.410" endtime="20230306 21:49:49.413"/>
</kw>
<kw name="Wait Until Page Contains Element" library="SeleniumLibrary">
<arg>xpath=//div[@class="grid grid-cols-12"]/div</arg>
<doc>Waits until the element ``locator`` appears on the current page.</doc>
<status status="PASS" starttime="20230306 21:49:49.413" endtime="20230306 21:49:49.428"/>
</kw>
<kw name="Page Should Contain Element" library="SeleniumLibrary">
<arg>xpath=//div[@class="grid grid-cols-12"]/div</arg>
<doc>Verifies that element ``locator`` is found on the current page.</doc>
<msg timestamp="20230306 21:49:49.436" level="INFO">Current page contains element 'xpath=//div[@class="grid grid-cols-12"]/div'.</msg>
<status status="PASS" starttime="20230306 21:49:49.428" endtime="20230306 21:49:49.436"/>
</kw>
<kw name="Get Element Count" library="SeleniumLibrary">
<var>${element_2}</var>
<arg>xpath=//div[@class="grid grid-cols-12"]/div</arg>
<doc>Returns the number of elements matching ``locator``.</doc>
<msg timestamp="20230306 21:49:49.445" level="INFO">${element_2} = 8</msg>
<status status="PASS" starttime="20230306 21:49:49.436" endtime="20230306 21:49:49.445"/>
</kw>
<kw name="Log" library="BuiltIn">
<arg>Check Element: 'Picture 2' ${element_2}</arg>
<arg>console=yes</arg>
<doc>Logs the given message with the given level.</doc>
<msg timestamp="20230306 21:49:49.445" level="INFO">Check Element: 'Picture 2' 8</msg>
<status status="PASS" starttime="20230306 21:49:49.445" endtime="20230306 21:49:49.445"/>
</kw>
<kw name="Sleep" library="BuiltIn">
<arg>1</arg>
<doc>Pauses the test executed for the given time.</doc>
<msg timestamp="20230306 21:49:50.446" level="INFO">Slept 1 second</msg>
<status status="PASS" starttime="20230306 21:49:49.445" endtime="20230306 21:49:50.446"/>
</kw>
<kw name="Capture Page Screenshot" library="SeleniumLibrary">
<arg>picture_2.png</arg>
<doc>Takes a screenshot of the current page and embeds it into a log file.</doc>
<msg timestamp="20230306 21:49:50.826" level="INFO" html="true">&lt;/td&gt;&lt;/tr&gt;&lt;tr&gt;&lt;td colspan="3"&gt;&lt;a href="picture_2.png"&gt;&lt;img src="picture_2.png" width="800px"&gt;&lt;/a&gt;</msg>
<status status="PASS" starttime="20230306 21:49:50.447" endtime="20230306 21:49:50.826"/>
</kw>
<kw name="Sleep" library="BuiltIn">
<arg>1</arg>
<doc>Pauses the test executed for the given time.</doc>
<msg timestamp="20230306 21:49:51.828" level="INFO">Slept 1 second</msg>
<status status="PASS" starttime="20230306 21:49:50.826" endtime="20230306 21:49:51.828"/>
</kw>
<kw name="Wait Until Page Contains Element" library="SeleniumLibrary">
<arg>xpath=//button[contains(text(), 'ล้างทั้งหมด')]</arg>
<doc>Waits until the element ``locator`` appears on the current page.</doc>
<status status="PASS" starttime="20230306 21:49:51.828" endtime="20230306 21:49:51.835"/>
</kw>
<kw name="Page Should Contain Element" library="SeleniumLibrary">
<arg>xpath=//button[contains(text(), 'ล้างทั้งหมด')]</arg>
<doc>Verifies that element ``locator`` is found on the current page.</doc>
<msg timestamp="20230306 21:49:51.839" level="INFO">Current page contains element 'xpath=//button[contains(text(), 'ล้างทั้งหมด')]'.</msg>
<status status="PASS" starttime="20230306 21:49:51.835" endtime="20230306 21:49:51.839"/>
</kw>
<kw name="Click Element" library="SeleniumLibrary">
<arg>xpath=//button[contains(text(), 'ล้างทั้งหมด')]</arg>
<doc>Click the element identified by ``locator``.</doc>
<msg timestamp="20230306 21:49:51.839" level="INFO">Clicking element 'xpath=//button[contains(text(), 'ล้างทั้งหมด')]'.</msg>
<status status="PASS" starttime="20230306 21:49:51.839" endtime="20230306 21:49:51.872"/>
</kw>
<status status="PASS" starttime="20230306 21:49:31.990" endtime="20230306 21:49:51.872"/>
</kw>
<kw name="Close Browser" library="SeleniumLibrary" type="TEARDOWN">
<doc>Closes the current browser.</doc>
<status status="PASS" starttime="20230306 21:49:51.872" endtime="20230306 21:49:51.970"/>
</kw>
<status status="PASS" starttime="20230306 21:48:54.279" endtime="20230306 21:49:51.970"/>
</test>
<status status="PASS" starttime="20230306 21:48:54.200" endtime="20230306 21:49:51.971"/>
</suite>
<statistics>
<total>
<stat pass="1" fail="0" skip="0">All Tests</stat>
</total>
<tag>
</tag>
<suite>
<stat pass="1" fail="0" skip="0" id="s1" name="1">1</stat>
</suite>
</statistics>
<errors>
</errors>
</robot>
