<?xml version="1.0" encoding="UTF-8"?>
<robot generator="Robot 5.0.1 (Python 3.9.16 on darwin)" generated="20230314 10:24:35.748" rpa="false" schemaversion="3">
<suite id="s1" name="Login-Test" source="/Users/kingdouchebag/Desktop/Freezone_Project/Freezome_Robot/local/login/login-test.robot">
<test id="s1-t1" name="External Login 1" line="122">
<kw name="Open Browser CASHCALL">
<arg>${URL}</arg>
<arg>${BROWSER}</arg>
<kw name="Open Browser" library="SeleniumLibrary">
<arg>${URL}</arg>
<arg>${BROWSER}</arg>
<doc>Opens a new browser instance to the optional ``url``.</doc>
<msg timestamp="20230314 10:24:35.838" level="INFO">Opening browser 'Chrome' to base url 'https://freezoneinventory-dev.azurewebsites.net'.</msg>
<status status="PASS" starttime="20230314 10:24:35.838" endtime="20230314 10:24:42.196"/>
</kw>
<kw name="Get Window Titles" library="SeleniumLibrary">
<var>${windowhandles}</var>
<doc>Returns and logs titles of all windows of the selected browser.</doc>
<msg timestamp="20230314 10:24:42.839" level="INFO">Altogether 1 item.
1: หน้าล็อกอิน | PTTEP</msg>
<msg timestamp="20230314 10:24:42.840" level="INFO">${windowhandles} = ['หน้าล็อกอิน | PTTEP']</msg>
<status status="PASS" starttime="20230314 10:24:42.197" endtime="20230314 10:24:42.840"/>
</kw>
<kw name="Log" library="BuiltIn">
<arg>Check Window Title: ${windowhandles}</arg>
<arg>console=yes</arg>
<doc>Logs the given message with the given level.</doc>
<msg timestamp="20230314 10:24:42.840" level="INFO">Check Window Title: ['หน้าล็อกอิน | PTTEP']</msg>
<status status="PASS" starttime="20230314 10:24:42.840" endtime="20230314 10:24:42.840"/>
</kw>
<status status="PASS" starttime="20230314 10:24:35.837" endtime="20230314 10:24:42.840"/>
</kw>
<kw name="Login Ex-User">
<arg>${user_1}</arg>
<arg>${pass_1}</arg>
<kw name="Wait Until Page Contains Element" library="SeleniumLibrary">
<arg>xpath=//input[@id="email"]</arg>
<doc>Waits until the element ``locator`` appears on the current page.</doc>
<status status="PASS" starttime="20230314 10:24:42.840" endtime="20230314 10:24:47.740"/>
</kw>
<kw name="Page Should Contain Element" library="SeleniumLibrary">
<arg>xpath=//input[@id="email"]</arg>
<doc>Verifies that element ``locator`` is found on the current page.</doc>
<msg timestamp="20230314 10:24:47.807" level="INFO">Current page contains element 'xpath=//input[@id="email"]'.</msg>
<status status="PASS" starttime="20230314 10:24:47.740" endtime="20230314 10:24:47.807"/>
</kw>
<kw name="Input Text" library="SeleniumLibrary">
<arg>xpath=//input[@id="email"]</arg>
<arg>${user}</arg>
<doc>Types the given ``text`` into the text field identified by ``locator``.</doc>
<msg timestamp="20230314 10:24:47.808" level="INFO">Typing text 'freezonedev-user01@gmail.com' into text field 'xpath=//input[@id="email"]'.</msg>
<status status="PASS" starttime="20230314 10:24:47.807" endtime="20230314 10:24:48.038"/>
</kw>
<kw name="Wait Until Page Contains Element" library="SeleniumLibrary">
<arg>xpath=//input[@id="password"]</arg>
<doc>Waits until the element ``locator`` appears on the current page.</doc>
<status status="PASS" starttime="20230314 10:24:48.038" endtime="20230314 10:24:48.054"/>
</kw>
<kw name="Page Should Contain Element" library="SeleniumLibrary">
<arg>xpath=//input[@id="password"]</arg>
<doc>Verifies that element ``locator`` is found on the current page.</doc>
<msg timestamp="20230314 10:24:48.058" level="INFO">Current page contains element 'xpath=//input[@id="password"]'.</msg>
<status status="PASS" starttime="20230314 10:24:48.054" endtime="20230314 10:24:48.058"/>
</kw>
<kw name="Input Text" library="SeleniumLibrary">
<arg>xpath=//input[@id="password"]</arg>
<arg>${pass}</arg>
<doc>Types the given ``text`` into the text field identified by ``locator``.</doc>
<msg timestamp="20230314 10:24:48.058" level="INFO">Typing text 'Zowu9444' into text field 'xpath=//input[@id="password"]'.</msg>
<status status="PASS" starttime="20230314 10:24:48.058" endtime="20230314 10:24:48.145"/>
</kw>
<kw name="Wait Until Page Contains Element" library="SeleniumLibrary">
<arg>xpath=//button[@type="submit"]</arg>
<doc>Waits until the element ``locator`` appears on the current page.</doc>
<status status="PASS" starttime="20230314 10:24:48.145" endtime="20230314 10:24:48.153"/>
</kw>
<kw name="Click Element" library="SeleniumLibrary">
<arg>xpath=//button[@type="submit"]</arg>
<doc>Click the element identified by ``locator``.</doc>
<msg timestamp="20230314 10:24:48.153" level="INFO">Clicking element 'xpath=//button[@type="submit"]'.</msg>
<status status="PASS" starttime="20230314 10:24:48.153" endtime="20230314 10:24:48.531"/>
</kw>
<status status="PASS" starttime="20230314 10:24:42.840" endtime="20230314 10:24:48.531"/>
</kw>
<kw name="Close Browser" library="SeleniumLibrary" type="TEARDOWN">
<doc>Closes the current browser.</doc>
<status status="PASS" starttime="20230314 10:24:48.531" endtime="20230314 10:24:48.639"/>
</kw>
<status status="PASS" starttime="20230314 10:24:35.837" endtime="20230314 10:24:48.639"/>
</test>
<test id="s1-t2" name="External Login 2" line="130">
<kw name="Open Browser CASHCALL">
<arg>${URL}</arg>
<arg>${BROWSER}</arg>
<kw name="Open Browser" library="SeleniumLibrary">
<arg>${URL}</arg>
<arg>${BROWSER}</arg>
<doc>Opens a new browser instance to the optional ``url``.</doc>
<msg timestamp="20230314 10:24:48.641" level="INFO">Opening browser 'Chrome' to base url 'https://freezoneinventory-dev.azurewebsites.net'.</msg>
<status status="PASS" starttime="20230314 10:24:48.640" endtime="20230314 10:24:54.836"/>
</kw>
<kw name="Get Window Titles" library="SeleniumLibrary">
<var>${windowhandles}</var>
<doc>Returns and logs titles of all windows of the selected browser.</doc>
<msg timestamp="20230314 10:24:54.926" level="INFO">Altogether 1 item.
1: หน้าล็อกอิน | PTTEP</msg>
<msg timestamp="20230314 10:24:54.927" level="INFO">${windowhandles} = ['หน้าล็อกอิน | PTTEP']</msg>
<status status="PASS" starttime="20230314 10:24:54.836" endtime="20230314 10:24:54.927"/>
</kw>
<kw name="Log" library="BuiltIn">
<arg>Check Window Title: ${windowhandles}</arg>
<arg>console=yes</arg>
<doc>Logs the given message with the given level.</doc>
<msg timestamp="20230314 10:24:54.927" level="INFO">Check Window Title: ['หน้าล็อกอิน | PTTEP']</msg>
<status status="PASS" starttime="20230314 10:24:54.927" endtime="20230314 10:24:54.927"/>
</kw>
<status status="PASS" starttime="20230314 10:24:48.640" endtime="20230314 10:24:54.927"/>
</kw>
<kw name="Login Ex-User">
<arg>${user_2}</arg>
<arg>${pass_2}</arg>
<kw name="Wait Until Page Contains Element" library="SeleniumLibrary">
<arg>xpath=//input[@id="email"]</arg>
<doc>Waits until the element ``locator`` appears on the current page.</doc>
<status status="PASS" starttime="20230314 10:24:54.927" endtime="20230314 10:24:57.732"/>
</kw>
<kw name="Page Should Contain Element" library="SeleniumLibrary">
<arg>xpath=//input[@id="email"]</arg>
<doc>Verifies that element ``locator`` is found on the current page.</doc>
<msg timestamp="20230314 10:24:57.762" level="INFO">Current page contains element 'xpath=//input[@id="email"]'.</msg>
<status status="PASS" starttime="20230314 10:24:57.732" endtime="20230314 10:24:57.762"/>
</kw>
<kw name="Input Text" library="SeleniumLibrary">
<arg>xpath=//input[@id="email"]</arg>
<arg>${user}</arg>
<doc>Types the given ``text`` into the text field identified by ``locator``.</doc>
<msg timestamp="20230314 10:24:57.762" level="INFO">Typing text 'testuserloginfail@gmail.com' into text field 'xpath=//input[@id="email"]'.</msg>
<status status="PASS" starttime="20230314 10:24:57.762" endtime="20230314 10:24:58.023"/>
</kw>
<kw name="Wait Until Page Contains Element" library="SeleniumLibrary">
<arg>xpath=//input[@id="password"]</arg>
<doc>Waits until the element ``locator`` appears on the current page.</doc>
<status status="PASS" starttime="20230314 10:24:58.023" endtime="20230314 10:24:58.030"/>
</kw>
<kw name="Page Should Contain Element" library="SeleniumLibrary">
<arg>xpath=//input[@id="password"]</arg>
<doc>Verifies that element ``locator`` is found on the current page.</doc>
<msg timestamp="20230314 10:24:58.040" level="INFO">Current page contains element 'xpath=//input[@id="password"]'.</msg>
<status status="PASS" starttime="20230314 10:24:58.030" endtime="20230314 10:24:58.040"/>
</kw>
<kw name="Input Text" library="SeleniumLibrary">
<arg>xpath=//input[@id="password"]</arg>
<arg>${pass}</arg>
<doc>Types the given ``text`` into the text field identified by ``locator``.</doc>
<msg timestamp="20230314 10:24:58.041" level="INFO">Typing text 'Vuqu0186' into text field 'xpath=//input[@id="password"]'.</msg>
<status status="PASS" starttime="20230314 10:24:58.041" endtime="20230314 10:24:58.126"/>
</kw>
<kw name="Wait Until Page Contains Element" library="SeleniumLibrary">
<arg>xpath=//button[@type="submit"]</arg>
<doc>Waits until the element ``locator`` appears on the current page.</doc>
<status status="PASS" starttime="20230314 10:24:58.126" endtime="20230314 10:24:58.139"/>
</kw>
<kw name="Click Element" library="SeleniumLibrary">
<arg>xpath=//button[@type="submit"]</arg>
<doc>Click the element identified by ``locator``.</doc>
<msg timestamp="20230314 10:24:58.139" level="INFO">Clicking element 'xpath=//button[@type="submit"]'.</msg>
<status status="PASS" starttime="20230314 10:24:58.139" endtime="20230314 10:24:58.514"/>
</kw>
<status status="PASS" starttime="20230314 10:24:54.927" endtime="20230314 10:24:58.514"/>
</kw>
<kw name="Close Browser" library="SeleniumLibrary" type="TEARDOWN">
<doc>Closes the current browser.</doc>
<status status="PASS" starttime="20230314 10:24:58.514" endtime="20230314 10:24:58.637"/>
</kw>
<status status="PASS" starttime="20230314 10:24:48.639" endtime="20230314 10:24:58.637"/>
</test>
<test id="s1-t3" name="External Login 3" line="138">
<kw name="Open Browser CASHCALL">
<arg>${URL}</arg>
<arg>${BROWSER}</arg>
<kw name="Open Browser" library="SeleniumLibrary">
<arg>${URL}</arg>
<arg>${BROWSER}</arg>
<doc>Opens a new browser instance to the optional ``url``.</doc>
<msg timestamp="20230314 10:24:58.639" level="INFO">Opening browser 'Chrome' to base url 'https://freezoneinventory-dev.azurewebsites.net'.</msg>
<status status="PASS" starttime="20230314 10:24:58.638" endtime="20230314 10:25:04.686"/>
</kw>
<kw name="Get Window Titles" library="SeleniumLibrary">
<var>${windowhandles}</var>
<doc>Returns and logs titles of all windows of the selected browser.</doc>
<msg timestamp="20230314 10:25:04.798" level="INFO">Altogether 1 item.
1: หน้าล็อกอิน | PTTEP</msg>
<msg timestamp="20230314 10:25:04.798" level="INFO">${windowhandles} = ['หน้าล็อกอิน | PTTEP']</msg>
<status status="PASS" starttime="20230314 10:25:04.686" endtime="20230314 10:25:04.798"/>
</kw>
<kw name="Log" library="BuiltIn">
<arg>Check Window Title: ${windowhandles}</arg>
<arg>console=yes</arg>
<doc>Logs the given message with the given level.</doc>
<msg timestamp="20230314 10:25:04.799" level="INFO">Check Window Title: ['หน้าล็อกอิน | PTTEP']</msg>
<status status="PASS" starttime="20230314 10:25:04.798" endtime="20230314 10:25:04.799"/>
</kw>
<status status="PASS" starttime="20230314 10:24:58.638" endtime="20230314 10:25:04.799"/>
</kw>
<kw name="Login Ex-User">
<arg>${user_3}</arg>
<arg>${pass_3}</arg>
<kw name="Wait Until Page Contains Element" library="SeleniumLibrary">
<arg>xpath=//input[@id="email"]</arg>
<doc>Waits until the element ``locator`` appears on the current page.</doc>
<status status="PASS" starttime="20230314 10:25:04.799" endtime="20230314 10:25:06.837"/>
</kw>
<kw name="Page Should Contain Element" library="SeleniumLibrary">
<arg>xpath=//input[@id="email"]</arg>
<doc>Verifies that element ``locator`` is found on the current page.</doc>
<msg timestamp="20230314 10:25:06.903" level="INFO">Current page contains element 'xpath=//input[@id="email"]'.</msg>
<status status="PASS" starttime="20230314 10:25:06.837" endtime="20230314 10:25:06.904"/>
</kw>
<kw name="Input Text" library="SeleniumLibrary">
<arg>xpath=//input[@id="email"]</arg>
<arg>${user}</arg>
<doc>Types the given ``text`` into the text field identified by ``locator``.</doc>
<msg timestamp="20230314 10:25:06.904" level="INFO">Typing text 'freezonedev-user01@gmail.com' into text field 'xpath=//input[@id="email"]'.</msg>
<status status="PASS" starttime="20230314 10:25:06.904" endtime="20230314 10:25:07.098"/>
</kw>
<kw name="Wait Until Page Contains Element" library="SeleniumLibrary">
<arg>xpath=//input[@id="password"]</arg>
<doc>Waits until the element ``locator`` appears on the current page.</doc>
<status status="PASS" starttime="20230314 10:25:07.098" endtime="20230314 10:25:07.106"/>
</kw>
<kw name="Page Should Contain Element" library="SeleniumLibrary">
<arg>xpath=//input[@id="password"]</arg>
<doc>Verifies that element ``locator`` is found on the current page.</doc>
<msg timestamp="20230314 10:25:07.114" level="INFO">Current page contains element 'xpath=//input[@id="password"]'.</msg>
<status status="PASS" starttime="20230314 10:25:07.106" endtime="20230314 10:25:07.114"/>
</kw>
<kw name="Input Text" library="SeleniumLibrary">
<arg>xpath=//input[@id="password"]</arg>
<arg>${pass}</arg>
<doc>Types the given ``text`` into the text field identified by ``locator``.</doc>
<msg timestamp="20230314 10:25:07.114" level="INFO">Typing text 'testpasswordfail' into text field 'xpath=//input[@id="password"]'.</msg>
<status status="PASS" starttime="20230314 10:25:07.114" endtime="20230314 10:25:07.275"/>
</kw>
<kw name="Wait Until Page Contains Element" library="SeleniumLibrary">
<arg>xpath=//button[@type="submit"]</arg>
<doc>Waits until the element ``locator`` appears on the current page.</doc>
<status status="PASS" starttime="20230314 10:25:07.275" endtime="20230314 10:25:07.285"/>
</kw>
<kw name="Click Element" library="SeleniumLibrary">
<arg>xpath=//button[@type="submit"]</arg>
<doc>Click the element identified by ``locator``.</doc>
<msg timestamp="20230314 10:25:07.286" level="INFO">Clicking element 'xpath=//button[@type="submit"]'.</msg>
<status status="PASS" starttime="20230314 10:25:07.286" endtime="20230314 10:25:07.658"/>
</kw>
<status status="PASS" starttime="20230314 10:25:04.799" endtime="20230314 10:25:07.658"/>
</kw>
<kw name="Close Browser" library="SeleniumLibrary" type="TEARDOWN">
<doc>Closes the current browser.</doc>
<status status="PASS" starttime="20230314 10:25:07.658" endtime="20230314 10:25:07.733"/>
</kw>
<status status="PASS" starttime="20230314 10:24:58.638" endtime="20230314 10:25:07.733"/>
</test>
<test id="s1-t4" name="External Login 4" line="146">
<kw name="Open Browser CASHCALL">
<arg>${URL}</arg>
<arg>${BROWSER}</arg>
<kw name="Open Browser" library="SeleniumLibrary">
<arg>${URL}</arg>
<arg>${BROWSER}</arg>
<doc>Opens a new browser instance to the optional ``url``.</doc>
<msg timestamp="20230314 10:25:07.734" level="INFO">Opening browser 'Chrome' to base url 'https://freezoneinventory-dev.azurewebsites.net'.</msg>
<status status="PASS" starttime="20230314 10:25:07.734" endtime="20230314 10:25:13.756"/>
</kw>
<kw name="Get Window Titles" library="SeleniumLibrary">
<var>${windowhandles}</var>
<doc>Returns and logs titles of all windows of the selected browser.</doc>
<msg timestamp="20230314 10:25:13.808" level="INFO">Altogether 1 item.
1: หน้าล็อกอิน | PTTEP</msg>
<msg timestamp="20230314 10:25:13.808" level="INFO">${windowhandles} = ['หน้าล็อกอิน | PTTEP']</msg>
<status status="PASS" starttime="20230314 10:25:13.756" endtime="20230314 10:25:13.808"/>
</kw>
<kw name="Log" library="BuiltIn">
<arg>Check Window Title: ${windowhandles}</arg>
<arg>console=yes</arg>
<doc>Logs the given message with the given level.</doc>
<msg timestamp="20230314 10:25:13.808" level="INFO">Check Window Title: ['หน้าล็อกอิน | PTTEP']</msg>
<status status="PASS" starttime="20230314 10:25:13.808" endtime="20230314 10:25:13.808"/>
</kw>
<status status="PASS" starttime="20230314 10:25:07.734" endtime="20230314 10:25:13.808"/>
</kw>
<kw name="Login Ex-User">
<arg>${user_4}</arg>
<arg>${pass_4}</arg>
<kw name="Wait Until Page Contains Element" library="SeleniumLibrary">
<arg>xpath=//input[@id="email"]</arg>
<doc>Waits until the element ``locator`` appears on the current page.</doc>
<status status="PASS" starttime="20230314 10:25:13.809" endtime="20230314 10:25:16.730"/>
</kw>
<kw name="Page Should Contain Element" library="SeleniumLibrary">
<arg>xpath=//input[@id="email"]</arg>
<doc>Verifies that element ``locator`` is found on the current page.</doc>
<msg timestamp="20230314 10:25:16.755" level="INFO">Current page contains element 'xpath=//input[@id="email"]'.</msg>
<status status="PASS" starttime="20230314 10:25:16.730" endtime="20230314 10:25:16.755"/>
</kw>
<kw name="Input Text" library="SeleniumLibrary">
<arg>xpath=//input[@id="email"]</arg>
<arg>${user}</arg>
<doc>Types the given ``text`` into the text field identified by ``locator``.</doc>
<msg timestamp="20230314 10:25:16.755" level="INFO">Typing text 'testuserloginfail@gmail.com' into text field 'xpath=//input[@id="email"]'.</msg>
<status status="PASS" starttime="20230314 10:25:16.755" endtime="20230314 10:25:17.022"/>
</kw>
<kw name="Wait Until Page Contains Element" library="SeleniumLibrary">
<arg>xpath=//input[@id="password"]</arg>
<doc>Waits until the element ``locator`` appears on the current page.</doc>
<status status="PASS" starttime="20230314 10:25:17.022" endtime="20230314 10:25:17.036"/>
</kw>
<kw name="Page Should Contain Element" library="SeleniumLibrary">
<arg>xpath=//input[@id="password"]</arg>
<doc>Verifies that element ``locator`` is found on the current page.</doc>
<msg timestamp="20230314 10:25:17.039" level="INFO">Current page contains element 'xpath=//input[@id="password"]'.</msg>
<status status="PASS" starttime="20230314 10:25:17.036" endtime="20230314 10:25:17.039"/>
</kw>
<kw name="Input Text" library="SeleniumLibrary">
<arg>xpath=//input[@id="password"]</arg>
<arg>${pass}</arg>
<doc>Types the given ``text`` into the text field identified by ``locator``.</doc>
<msg timestamp="20230314 10:25:17.039" level="INFO">Typing text 'testpasswordfail' into text field 'xpath=//input[@id="password"]'.</msg>
<status status="PASS" starttime="20230314 10:25:17.039" endtime="20230314 10:25:17.160"/>
</kw>
<kw name="Wait Until Page Contains Element" library="SeleniumLibrary">
<arg>xpath=//button[@type="submit"]</arg>
<doc>Waits until the element ``locator`` appears on the current page.</doc>
<status status="PASS" starttime="20230314 10:25:17.160" endtime="20230314 10:25:17.168"/>
</kw>
<kw name="Click Element" library="SeleniumLibrary">
<arg>xpath=//button[@type="submit"]</arg>
<doc>Click the element identified by ``locator``.</doc>
<msg timestamp="20230314 10:25:17.169" level="INFO">Clicking element 'xpath=//button[@type="submit"]'.</msg>
<status status="PASS" starttime="20230314 10:25:17.168" endtime="20230314 10:25:17.575"/>
</kw>
<status status="PASS" starttime="20230314 10:25:13.808" endtime="20230314 10:25:17.575"/>
</kw>
<kw name="Close Browser" library="SeleniumLibrary" type="TEARDOWN">
<doc>Closes the current browser.</doc>
<status status="PASS" starttime="20230314 10:25:17.575" endtime="20230314 10:25:17.646"/>
</kw>
<status status="PASS" starttime="20230314 10:25:07.734" endtime="20230314 10:25:17.646"/>
</test>
<status status="PASS" starttime="20230314 10:24:35.749" endtime="20230314 10:25:17.647"/>
</suite>
<statistics>
<total>
<stat pass="4" fail="0" skip="0">All Tests</stat>
</total>
<tag>
</tag>
<suite>
<stat pass="4" fail="0" skip="0" id="s1" name="Login-Test">Login-Test</stat>
</suite>
</statistics>
<errors>
</errors>
</robot>
